Using pre-set license
Built from '2021.3/staging' branch; Version is '2021.3.26f1 (a16dc32e0ff2) revision 10579395'; Using compiler version '192829333'; Build Type 'Release'
OS: 'Windows 11  (10.0.22621) 64bit Core' Language: 'ru' Physical Memory: 16307 MB
BatchMode: 1, IsHumanControllingUs: 0, StartBugReporterOnCrash: 0, Is64bit: 1, IsPro: 1

COMMAND LINE ARGUMENTS:
C:\Program Files\Unity 2021.3.26f1\Editor\Unity.exe
-adb2
-batchMode
-noUpm
-name
AssetImportWorker8
-projectPath
C:/Users/vladi/test task
-logFile
Logs/AssetImportWorker8.log
-srvPort
60803
Successfully changed project path to: C:/Users/vladi/test task
C:/Users/vladi/test task
[UnityMemory] Configuration Parameters - Can be set up in boot.config
    "memorysetup-bucket-allocator-granularity=16"
    "memorysetup-bucket-allocator-bucket-count=8"
    "memorysetup-bucket-allocator-block-size=33554432"
    "memorysetup-bucket-allocator-block-count=8"
    "memorysetup-main-allocator-block-size=16777216"
    "memorysetup-thread-allocator-block-size=16777216"
    "memorysetup-gfx-main-allocator-block-size=16777216"
    "memorysetup-gfx-thread-allocator-block-size=16777216"
    "memorysetup-cache-allocator-block-size=4194304"
    "memorysetup-typetree-allocator-block-size=2097152"
    "memorysetup-profiler-bucket-allocator-granularity=16"
    "memorysetup-profiler-bucket-allocator-bucket-count=8"
    "memorysetup-profiler-bucket-allocator-block-size=33554432"
    "memorysetup-profiler-bucket-allocator-block-count=8"
    "memorysetup-profiler-allocator-block-size=16777216"
    "memorysetup-profiler-editor-allocator-block-size=1048576"
    "memorysetup-temp-allocator-size-main=16777216"
    "memorysetup-job-temp-allocator-block-size=2097152"
    "memorysetup-job-temp-allocator-block-size-background=1048576"
    "memorysetup-job-temp-allocator-reduction-small-platforms=262144"
    "memorysetup-temp-allocator-size-background-worker=32768"
    "memorysetup-temp-allocator-size-job-worker=262144"
    "memorysetup-temp-allocator-size-preload-manager=33554432"
    "memorysetup-temp-allocator-size-nav-mesh-worker=65536"
    "memorysetup-temp-allocator-size-audio-worker=65536"
    "memorysetup-temp-allocator-size-cloud-worker=32768"
    "memorysetup-temp-allocator-size-gi-baking-worker=262144"
    "memorysetup-temp-allocator-size-gfx=262144"
Player connection [22188] Host "[IP] 192.168.1.243 [Port] 0 [Flags] 2 [Guid] 2175116329 [EditorId] 2175116329 [Version] 1048832 [Id] WindowsEditor(7,Vladimir) [Debug] 1 [PackageName] WindowsEditor [ProjectName] Editor" joined multi-casting on [225.0.0.222:54997]...

Player connection [22188] Host "[IP] 192.168.1.243 [Port] 0 [Flags] 2 [Guid] 2175116329 [EditorId] 2175116329 [Version] 1048832 [Id] WindowsEditor(7,Vladimir) [Debug] 1 [PackageName] WindowsEditor [ProjectName] Editor" joined alternative multi-casting on [225.0.0.222:34997]...

Refreshing native plugins compatible for Editor in 66.80 ms, found 3 plugins.
Preloading 0 native plugins for Editor in 0.00 ms.
Initialize engine version: 2021.3.26f1 (a16dc32e0ff2)
[Subsystems] Discovering subsystems at path C:/Program Files/Unity 2021.3.26f1/Editor/Data/Resources/UnitySubsystems
[Subsystems] Discovering subsystems at path C:/Users/vladi/test task/Assets
GfxDevice: creating device client; threaded=0; jobified=0
Direct3D:
    Version:  Direct3D 11.0 [level 11.1]
    Renderer: NVIDIA GeForce RTX 3070 (ID=0x2484)
    Vendor:   NVIDIA
    VRAM:     8031 MB
    Driver:   31.0.15.3742
Initialize mono
Mono path[0] = 'C:/Program Files/Unity 2021.3.26f1/Editor/Data/Managed'
Mono path[1] = 'C:/Program Files/Unity 2021.3.26f1/Editor/Data/MonoBleedingEdge/lib/mono/unityjit-win32'
Mono config path = 'C:/Program Files/Unity 2021.3.26f1/Editor/Data/MonoBleedingEdge/etc'
Using monoOptions --debugger-agent=transport=dt_socket,embedding=1,server=y,suspend=n,address=127.0.0.1:56324
Begin MonoManager ReloadAssembly
Registering precompiled unity dll's ...
Register platform support module: C:/Program Files/Unity 2021.3.26f1/Editor/Data/PlaybackEngines/WindowsStandaloneSupport/UnityEditor.WindowsStandalone.Extensions.dll
Registered in 0.003690 seconds.
Native extension for WindowsStandalone target not found
Refreshing native plugins compatible for Editor in 69.02 ms, found 3 plugins.
Preloading 0 native plugins for Editor in 0.00 ms.
Mono: successfully reloaded assembly
- Completed reload, in  0.598 seconds
Domain Reload Profiling:
	ReloadAssembly (598ms)
		BeginReloadAssembly (76ms)
			ExecutionOrderSort (0ms)
			DisableScriptedObjects (0ms)
			BackupInstance (0ms)
			ReleaseScriptingObjects (0ms)
			CreateAndSetChildDomain (1ms)
		EndReloadAssembly (433ms)
			LoadAssemblies (74ms)
			RebuildTransferFunctionScriptingTraits (0ms)
			SetupTypeCache (92ms)
			ReleaseScriptCaches (0ms)
			RebuildScriptCaches (29ms)
			SetupLoadedEditorAssemblies (264ms)
				LogAssemblyErrors (0ms)
				InitializePlatformSupportModulesInManaged (6ms)
				SetLoadedEditorAssemblies (0ms)
				RefreshPlugins (69ms)
				BeforeProcessingInitializeOnLoad (1ms)
				ProcessInitializeOnLoadAttributes (145ms)
				ProcessInitializeOnLoadMethodAttributes (42ms)
				AfterProcessingInitializeOnLoad (0ms)
				EditorAssembliesLoaded (0ms)
			ExecutionOrderSort2 (0ms)
			AwakeInstancesAfterBackupRestoration (0ms)
Platform modules already initialized, skipping
Registering precompiled user dll's ...
Registered in 0.004578 seconds.
Begin MonoManager ReloadAssembly
Symbol file LoadedFromMemory doesn't match image C:\Users\vladi\test task\Library\PackageCache\com.unity.visualscripting@1.8.0\Editor\VisualScripting.Core\Dependencies\YamlDotNet\Unity.VisualScripting.YamlDotNet.dll
Symbol file LoadedFromMemory doesn't match image C:\Users\vladi\test task\Library\PackageCache\com.unity.visualscripting@1.8.0\Editor\VisualScripting.Core\Dependencies\DotNetZip\Unity.VisualScripting.IonicZip.dll
Native extension for WindowsStandalone target not found
Refreshing native plugins compatible for Editor in 0.55 ms, found 3 plugins.
Preloading 0 native plugins for Editor in 0.00 ms.
Mono: successfully reloaded assembly
- Completed reload, in  0.898 seconds
Domain Reload Profiling:
	ReloadAssembly (898ms)
		BeginReloadAssembly (107ms)
			ExecutionOrderSort (0ms)
			DisableScriptedObjects (5ms)
			BackupInstance (0ms)
			ReleaseScriptingObjects (0ms)
			CreateAndSetChildDomain (18ms)
		EndReloadAssembly (696ms)
			LoadAssemblies (76ms)
			RebuildTransferFunctionScriptingTraits (0ms)
			SetupTypeCache (221ms)
			ReleaseScriptCaches (1ms)
			RebuildScriptCaches (50ms)
			SetupLoadedEditorAssemblies (319ms)
				LogAssemblyErrors (0ms)
				InitializePlatformSupportModulesInManaged (5ms)
				SetLoadedEditorAssemblies (0ms)
				RefreshPlugins (1ms)
				BeforeProcessingInitializeOnLoad (74ms)
				ProcessInitializeOnLoadAttributes (215ms)
				ProcessInitializeOnLoadMethodAttributes (18ms)
				AfterProcessingInitializeOnLoad (6ms)
				EditorAssembliesLoaded (0ms)
			ExecutionOrderSort2 (0ms)
			AwakeInstancesAfterBackupRestoration (5ms)
Platform modules already initialized, skipping
========================================================================
Worker process is ready to serve import requests
Launched and connected shader compiler UnityShaderCompiler.exe after 0.06 seconds
Refreshing native plugins compatible for Editor in 0.64 ms, found 3 plugins.
Preloading 0 native plugins for Editor in 0.00 ms.
Unloading 3051 Unused Serialized files (Serialized files now loaded: 0)
Unloading 22 unused Assets / (56.5 KB). Loaded Objects now: 3514.
Memory consumption went from 108.5 MB to 108.4 MB.
Total: 3.290600 ms (FindLiveObjects: 0.277300 ms CreateObjectMapping: 0.088200 ms MarkObjects: 2.846300 ms  DeleteObjects: 0.077700 ms)

AssetImportParameters requested are different than current active one (requested -> active):
  custom:video-decoder-ogg-theora: a1e56fd34408186e4bbccfd4996cb3dc -> 
  custom:container-muxer-webm: aa71ff27fc2769a1b78a27578f13a17b -> 
  custom:container-demuxer-webm: 4f35f7cbe854078d1ac9338744f61a02 -> 
  custom:video-encoder-webm-vp8: eb34c28f22e8b96e1ab97ce403110664 -> 
  custom:video-codec-MediaFoundation-h265: 746d11721c4dcdbdad8f713fa42b33f4 -> 
  custom:audio-encoder-webm-vorbis: bf7c407c2cedff20999df2af8eb42d56 -> 
  custom:framework-win-MediaFoundation: 216162199b28c13a410421893ffa2e32 -> 
  custom:container-demuxer-ogg: 62fdf1f143b41e24485cea50d1cbac27 -> 
  custom:video-decoder-webm-vp8: 9c59270c3fd7afecdb556c50c9e8de78 -> 
  custom:audio-decoder-ogg-vorbis: bf7c407c2cedff20999df2af8eb42d56 -> 
========================================================================
Received Import Request.
  Time since last request: 523308.248643 seconds.
  path: Assets/WoodsLifestyle/Models/Stairs_Ladders/Ladder_01.fbx
  artifactKey: Guid(0c22c55d826286441ba51b4263ab85ef) Importer(815301076,1909f56bfc062723c751e8b465ee728b)
Start importing Assets/WoodsLifestyle/Models/Stairs_Ladders/Ladder_01.fbx using Guid(0c22c55d826286441ba51b4263ab85ef) Importer(815301076,1909f56bfc062723c751e8b465ee728b)  -> (artifact id: '3d3ce533015c9b9473d49819f0986452') in 0.137982 seconds 
========================================================================
Received Import Request.
  Time since last request: 2.036716 seconds.
  path: Assets/WoodsLifestyle/Models/Vegetation/Flowers/Flower_a_a_01.fbx
  artifactKey: Guid(b18b2751705020e498e742837cf4dc48) Importer(815301076,1909f56bfc062723c751e8b465ee728b)
Start importing Assets/WoodsLifestyle/Models/Vegetation/Flowers/Flower_a_a_01.fbx using Guid(b18b2751705020e498e742837cf4dc48) Importer(815301076,1909f56bfc062723c751e8b465ee728b)  -> (artifact id: '5bceaa3aadede0d055aff58b955f3150') in 0.020944 seconds 
========================================================================
Received Import Request.
  Time since last request: 0.000020 seconds.
  path: Assets/WoodsLifestyle/Models/Vegetation/Flowers/Flower_c_b_01.fbx
  artifactKey: Guid(7e0b84950de17d3419c792d7dc31f860) Importer(815301076,1909f56bfc062723c751e8b465ee728b)
Start importing Assets/WoodsLifestyle/Models/Vegetation/Flowers/Flower_c_b_01.fbx using Guid(7e0b84950de17d3419c792d7dc31f860) Importer(815301076,1909f56bfc062723c751e8b465ee728b)  -> (artifact id: 'c0cade0f5196ae81fa2198b2ddcee9cf') in 0.037657 seconds 
========================================================================
Received Import Request.
  Time since last request: 0.619011 seconds.
  path: Assets/WoodsLifestyle/Models/Vegetation/Mushrooms/Mushroom_a_01.fbx
  artifactKey: Guid(79c4a801abeca064996fe3c3077b10ff) Importer(815301076,1909f56bfc062723c751e8b465ee728b)
Start importing Assets/WoodsLifestyle/Models/Vegetation/Mushrooms/Mushroom_a_01.fbx using Guid(79c4a801abeca064996fe3c3077b10ff) Importer(815301076,1909f56bfc062723c751e8b465ee728b)  -> (artifact id: 'e332d58d7a258557b667b9fb613ebd97') in 0.017348 seconds 
========================================================================
Received Import Request.
  Time since last request: 22.838721 seconds.
  path: Assets/WoodsLifestyle/Models/Vegetation/Grass/Grass_a_01.fbx
  artifactKey: Guid(b5de42704b3e980449c5a828fcabb0a1) Importer(815301076,1909f56bfc062723c751e8b465ee728b)
Start importing Assets/WoodsLifestyle/Models/Vegetation/Grass/Grass_a_01.fbx using Guid(b5de42704b3e980449c5a828fcabb0a1) Importer(815301076,1909f56bfc062723c751e8b465ee728b)  -> (artifact id: '2c4c8b3c77deb0520c90fb1b28b1fa60') in 0.026226 seconds 
========================================================================
Received Import Request.
  Time since last request: 0.000015 seconds.
  path: Assets/WoodsLifestyle/Models/Vegetation/Grass/Grass_d_02.fbx
  artifactKey: Guid(35a86eb969b87484cae08e170c4f1af3) Importer(815301076,1909f56bfc062723c751e8b465ee728b)
Start importing Assets/WoodsLifestyle/Models/Vegetation/Grass/Grass_d_02.fbx using Guid(35a86eb969b87484cae08e170c4f1af3) Importer(815301076,1909f56bfc062723c751e8b465ee728b)  -> (artifact id: 'db29babca4d8623968ad47c81a7f297b') in 0.029338 seconds 
========================================================================
Received Import Request.
  Time since last request: 1.028762 seconds.
  path: Assets/WoodsLifestyle/Models/Vegetation/Plants/Plant_a_01.fbx
  artifactKey: Guid(29e8c516d484fd7468737632899638e5) Importer(815301076,1909f56bfc062723c751e8b465ee728b)
Start importing Assets/WoodsLifestyle/Models/Vegetation/Plants/Plant_a_01.fbx using Guid(29e8c516d484fd7468737632899638e5) Importer(815301076,1909f56bfc062723c751e8b465ee728b)  -> (artifact id: '08cb9f0ed7448ab10fcbfc29b1927c70') in 0.018332 seconds 
========================================================================
Received Import Request.
  Time since last request: 0.000015 seconds.
  path: Assets/WoodsLifestyle/Models/Vegetation/Plants/Plant_d_03.fbx
  artifactKey: Guid(cf413f1a5556fe34388c26a6d70288e0) Importer(815301076,1909f56bfc062723c751e8b465ee728b)
Start importing Assets/WoodsLifestyle/Models/Vegetation/Plants/Plant_d_03.fbx using Guid(cf413f1a5556fe34388c26a6d70288e0) Importer(815301076,1909f56bfc062723c751e8b465ee728b)  -> (artifact id: 'df265c8294d874b91c49242036b7fae7') in 0.017806 seconds 
========================================================================
Received Import Request.
  Time since last request: 0.503257 seconds.
  path: Assets/WoodsLifestyle/Models/Vegetation/Sticks/Stick_01_a.fbx
  artifactKey: Guid(d21060164a498744297d1bb7f728fe96) Importer(815301076,1909f56bfc062723c751e8b465ee728b)
Start importing Assets/WoodsLifestyle/Models/Vegetation/Sticks/Stick_01_a.fbx using Guid(d21060164a498744297d1bb7f728fe96) Importer(815301076,1909f56bfc062723c751e8b465ee728b)  -> (artifact id: '5426d406d23ee18e8aa3fa69be98dd71') in 0.015566 seconds 
========================================================================
Received Import Request.
  Time since last request: 0.000015 seconds.
  path: Assets/WoodsLifestyle/Models/Vegetation/Sticks/Stick_02_b.fbx
  artifactKey: Guid(e89d6f22be8fee146bc6ac01b693ca9f) Importer(815301076,1909f56bfc062723c751e8b465ee728b)
Start importing Assets/WoodsLifestyle/Models/Vegetation/Sticks/Stick_02_b.fbx using Guid(e89d6f22be8fee146bc6ac01b693ca9f) Importer(815301076,1909f56bfc062723c751e8b465ee728b)  -> (artifact id: '501ab418e1b865469fe2580e3f918a25') in 0.016505 seconds 
========================================================================
Received Import Request.
  Time since last request: 0.689782 seconds.
  path: Assets/WoodsLifestyle/Models/Vegetation/Trees/Tree_01_a.fbx
  artifactKey: Guid(9e736dc8d72bee74fa560c1dfdedbb9e) Importer(815301076,1909f56bfc062723c751e8b465ee728b)
Start importing Assets/WoodsLifestyle/Models/Vegetation/Trees/Tree_01_a.fbx using Guid(9e736dc8d72bee74fa560c1dfdedbb9e) Importer(815301076,1909f56bfc062723c751e8b465ee728b)  -> (artifact id: 'd5391c9cf9860488f3d3e77d29e4c746') in 0.024151 seconds 
========================================================================
Received Import Request.
  Time since last request: 0.000017 seconds.
  path: Assets/WoodsLifestyle/Models/Vegetation/Trees/Tree_07_c.fbx
  artifactKey: Guid(49fdd99d817944b43aa11e218b1b80f7) Importer(815301076,1909f56bfc062723c751e8b465ee728b)
Start importing Assets/WoodsLifestyle/Models/Vegetation/Trees/Tree_07_c.fbx using Guid(49fdd99d817944b43aa11e218b1b80f7) Importer(815301076,1909f56bfc062723c751e8b465ee728b)  -> (artifact id: 'd0a65ef2c82a457fe4f7c658573c55a9') in 0.018481 seconds 
========================================================================
Received Import Request.
  Time since last request: 0.000020 seconds.
  path: Assets/WoodsLifestyle/Models/Vegetation/Trees/Tree_05_c.fbx
  artifactKey: Guid(527839874ac169f4bba3d270e84047f4) Importer(815301076,1909f56bfc062723c751e8b465ee728b)
Start importing Assets/WoodsLifestyle/Models/Vegetation/Trees/Tree_05_c.fbx using Guid(527839874ac169f4bba3d270e84047f4) Importer(815301076,1909f56bfc062723c751e8b465ee728b)  -> (artifact id: '1d5cbb9e96124531b885e2c2604d6c94') in 0.019200 seconds 
========================================================================
Received Import Request.
  Time since last request: 0.000013 seconds.
  path: Assets/WoodsLifestyle/Models/Vegetation/Trees/Tree_05_a.fbx
  artifactKey: Guid(cc30721c34948b943ba06ef8d23c78aa) Importer(815301076,1909f56bfc062723c751e8b465ee728b)
Start importing Assets/WoodsLifestyle/Models/Vegetation/Trees/Tree_05_a.fbx using Guid(cc30721c34948b943ba06ef8d23c78aa) Importer(815301076,1909f56bfc062723c751e8b465ee728b)  -> (artifact id: '0dfea1ea89473d577a9a7bfac5c78b7a') in 0.020056 seconds 
========================================================================
Received Import Request.
  Time since last request: 0.000017 seconds.
  path: Assets/WoodsLifestyle/Models/Vegetation/Trees/Tree_04_b.fbx
  artifactKey: Guid(0f8a2113228416b40bfa840389f2849f) Importer(815301076,1909f56bfc062723c751e8b465ee728b)
Start importing Assets/WoodsLifestyle/Models/Vegetation/Trees/Tree_04_b.fbx using Guid(0f8a2113228416b40bfa840389f2849f) Importer(815301076,1909f56bfc062723c751e8b465ee728b)  -> (artifact id: '6054ea1c928169441c5f0b62c3aa3bec') in 0.018371 seconds 
========================================================================
Received Import Request.
  Time since last request: 0.000020 seconds.
  path: Assets/WoodsLifestyle/Models/Vegetation/Trees/Tree_03_c.fbx
  artifactKey: Guid(4eaba37da53667f4eab7d9642ce23a4a) Importer(815301076,1909f56bfc062723c751e8b465ee728b)
Start importing Assets/WoodsLifestyle/Models/Vegetation/Trees/Tree_03_c.fbx using Guid(4eaba37da53667f4eab7d9642ce23a4a) Importer(815301076,1909f56bfc062723c751e8b465ee728b)  -> (artifact id: 'b78366aab01205d27eae6097c2bbe622') in 0.019358 seconds 
========================================================================
Received Import Request.
  Time since last request: 0.000016 seconds.
  path: Assets/WoodsLifestyle/Models/Vegetation/Trees/Tree_07_b.fbx
  artifactKey: Guid(b8390ee5daed0404a8ce4dd35f402cf0) Importer(815301076,1909f56bfc062723c751e8b465ee728b)
Start importing Assets/WoodsLifestyle/Models/Vegetation/Trees/Tree_07_b.fbx using Guid(b8390ee5daed0404a8ce4dd35f402cf0) Importer(815301076,1909f56bfc062723c751e8b465ee728b)  -> (artifact id: '344515d06f96e75ae89742e083c943e7') in 0.019861 seconds 
Editor requested this worker to shutdown with reason: Scaling down because of idle timeout
AssetImportWorker is now disconnected from the server
Process exiting
Exiting without the bug reporter. Application will terminate with return code 0