Using pre-set license
Built from '2021.3/staging' branch; Version is '2021.3.26f1 (a16dc32e0ff2) revision 10579395'; Using compiler version '192829333'; Build Type 'Release'
OS: 'Windows 11  (10.0.22621) 64bit Core' Language: 'ru' Physical Memory: 16307 MB
BatchMode: 1, IsHumanControllingUs: 0, StartBugReporterOnCrash: 0, Is64bit: 1, IsPro: 1

COMMAND LINE ARGUMENTS:
C:\Program Files\Unity 2021.3.26f1\Editor\Unity.exe
-adb2
-batchMode
-noUpm
-name
AssetImportWorker7
-projectPath
C:/Users/vladi/test task
-logFile
Logs/AssetImportWorker7.log
-srvPort
60803
Successfully changed project path to: C:/Users/vladi/test task
C:/Users/vladi/test task
[UnityMemory] Configuration Parameters - Can be set up in boot.config
    "memorysetup-bucket-allocator-granularity=16"
    "memorysetup-bucket-allocator-bucket-count=8"
    "memorysetup-bucket-allocator-block-size=33554432"
    "memorysetup-bucket-allocator-block-count=8"
    "memorysetup-main-allocator-block-size=16777216"
    "memorysetup-thread-allocator-block-size=16777216"
    "memorysetup-gfx-main-allocator-block-size=16777216"
    "memorysetup-gfx-thread-allocator-block-size=16777216"
    "memorysetup-cache-allocator-block-size=4194304"
    "memorysetup-typetree-allocator-block-size=2097152"
    "memorysetup-profiler-bucket-allocator-granularity=16"
    "memorysetup-profiler-bucket-allocator-bucket-count=8"
    "memorysetup-profiler-bucket-allocator-block-size=33554432"
    "memorysetup-profiler-bucket-allocator-block-count=8"
    "memorysetup-profiler-allocator-block-size=16777216"
    "memorysetup-profiler-editor-allocator-block-size=1048576"
    "memorysetup-temp-allocator-size-main=16777216"
    "memorysetup-job-temp-allocator-block-size=2097152"
    "memorysetup-job-temp-allocator-block-size-background=1048576"
    "memorysetup-job-temp-allocator-reduction-small-platforms=262144"
    "memorysetup-temp-allocator-size-background-worker=32768"
    "memorysetup-temp-allocator-size-job-worker=262144"
    "memorysetup-temp-allocator-size-preload-manager=33554432"
    "memorysetup-temp-allocator-size-nav-mesh-worker=65536"
    "memorysetup-temp-allocator-size-audio-worker=65536"
    "memorysetup-temp-allocator-size-cloud-worker=32768"
    "memorysetup-temp-allocator-size-gi-baking-worker=262144"
    "memorysetup-temp-allocator-size-gfx=262144"
Player connection [25008] Host "[IP] 192.168.1.243 [Port] 0 [Flags] 2 [Guid] 2711902379 [EditorId] 2711902379 [Version] 1048832 [Id] WindowsEditor(7,Vladimir) [Debug] 1 [PackageName] WindowsEditor [ProjectName] Editor" joined multi-casting on [225.0.0.222:54997]...

Player connection [25008] Host "[IP] 192.168.1.243 [Port] 0 [Flags] 2 [Guid] 2711902379 [EditorId] 2711902379 [Version] 1048832 [Id] WindowsEditor(7,Vladimir) [Debug] 1 [PackageName] WindowsEditor [ProjectName] Editor" joined alternative multi-casting on [225.0.0.222:34997]...

Refreshing native plugins compatible for Editor in 72.33 ms, found 3 plugins.
Preloading 0 native plugins for Editor in 0.00 ms.
Initialize engine version: 2021.3.26f1 (a16dc32e0ff2)
[Subsystems] Discovering subsystems at path C:/Program Files/Unity 2021.3.26f1/Editor/Data/Resources/UnitySubsystems
[Subsystems] Discovering subsystems at path C:/Users/vladi/test task/Assets
GfxDevice: creating device client; threaded=0; jobified=0
Direct3D:
    Version:  Direct3D 11.0 [level 11.1]
    Renderer: NVIDIA GeForce RTX 3070 (ID=0x2484)
    Vendor:   NVIDIA
    VRAM:     8031 MB
    Driver:   31.0.15.3742
Initialize mono
Mono path[0] = 'C:/Program Files/Unity 2021.3.26f1/Editor/Data/Managed'
Mono path[1] = 'C:/Program Files/Unity 2021.3.26f1/Editor/Data/MonoBleedingEdge/lib/mono/unityjit-win32'
Mono config path = 'C:/Program Files/Unity 2021.3.26f1/Editor/Data/MonoBleedingEdge/etc'
Using monoOptions --debugger-agent=transport=dt_socket,embedding=1,server=y,suspend=n,address=127.0.0.1:56432
Begin MonoManager ReloadAssembly
Registering precompiled unity dll's ...
Register platform support module: C:/Program Files/Unity 2021.3.26f1/Editor/Data/PlaybackEngines/WindowsStandaloneSupport/UnityEditor.WindowsStandalone.Extensions.dll
Registered in 0.003525 seconds.
Native extension for WindowsStandalone target not found
Refreshing native plugins compatible for Editor in 67.72 ms, found 3 plugins.
Preloading 0 native plugins for Editor in 0.00 ms.
Mono: successfully reloaded assembly
- Completed reload, in  0.557 seconds
Domain Reload Profiling:
	ReloadAssembly (557ms)
		BeginReloadAssembly (76ms)
			ExecutionOrderSort (0ms)
			DisableScriptedObjects (0ms)
			BackupInstance (0ms)
			ReleaseScriptingObjects (0ms)
			CreateAndSetChildDomain (1ms)
		EndReloadAssembly (395ms)
			LoadAssemblies (74ms)
			RebuildTransferFunctionScriptingTraits (0ms)
			SetupTypeCache (91ms)
			ReleaseScriptCaches (0ms)
			RebuildScriptCaches (27ms)
			SetupLoadedEditorAssemblies (231ms)
				LogAssemblyErrors (0ms)
				InitializePlatformSupportModulesInManaged (7ms)
				SetLoadedEditorAssemblies (0ms)
				RefreshPlugins (68ms)
				BeforeProcessingInitializeOnLoad (1ms)
				ProcessInitializeOnLoadAttributes (114ms)
				ProcessInitializeOnLoadMethodAttributes (41ms)
				AfterProcessingInitializeOnLoad (0ms)
				EditorAssembliesLoaded (0ms)
			ExecutionOrderSort2 (0ms)
			AwakeInstancesAfterBackupRestoration (0ms)
Platform modules already initialized, skipping
Registering precompiled user dll's ...
Registered in 0.004894 seconds.
Begin MonoManager ReloadAssembly
Symbol file LoadedFromMemory doesn't match image C:\Users\vladi\test task\Library\PackageCache\com.unity.visualscripting@1.8.0\Editor\VisualScripting.Core\Dependencies\YamlDotNet\Unity.VisualScripting.YamlDotNet.dll
Symbol file LoadedFromMemory doesn't match image C:\Users\vladi\test task\Library\PackageCache\com.unity.visualscripting@1.8.0\Editor\VisualScripting.Core\Dependencies\DotNetZip\Unity.VisualScripting.IonicZip.dll
Native extension for WindowsStandalone target not found
Refreshing native plugins compatible for Editor in 0.55 ms, found 3 plugins.
Preloading 0 native plugins for Editor in 0.00 ms.
Mono: successfully reloaded assembly
- Completed reload, in  0.912 seconds
Domain Reload Profiling:
	ReloadAssembly (912ms)
		BeginReloadAssembly (103ms)
			ExecutionOrderSort (0ms)
			DisableScriptedObjects (5ms)
			BackupInstance (0ms)
			ReleaseScriptingObjects (0ms)
			CreateAndSetChildDomain (17ms)
		EndReloadAssembly (710ms)
			LoadAssemblies (73ms)
			RebuildTransferFunctionScriptingTraits (0ms)
			SetupTypeCache (228ms)
			ReleaseScriptCaches (1ms)
			RebuildScriptCaches (49ms)
			SetupLoadedEditorAssemblies (329ms)
				LogAssemblyErrors (0ms)
				InitializePlatformSupportModulesInManaged (5ms)
				SetLoadedEditorAssemblies (0ms)
				RefreshPlugins (1ms)
				BeforeProcessingInitializeOnLoad (72ms)
				ProcessInitializeOnLoadAttributes (223ms)
				ProcessInitializeOnLoadMethodAttributes (21ms)
				AfterProcessingInitializeOnLoad (7ms)
				EditorAssembliesLoaded (0ms)
			ExecutionOrderSort2 (0ms)
			AwakeInstancesAfterBackupRestoration (6ms)
Platform modules already initialized, skipping
========================================================================
Worker process is ready to serve import requests
Launched and connected shader compiler UnityShaderCompiler.exe after 0.06 seconds
Refreshing native plugins compatible for Editor in 0.58 ms, found 3 plugins.
Preloading 0 native plugins for Editor in 0.00 ms.
Unloading 3051 Unused Serialized files (Serialized files now loaded: 0)
Unloading 22 unused Assets / (56.1 KB). Loaded Objects now: 3513.
Memory consumption went from 108.3 MB to 108.2 MB.
Total: 2.559900 ms (FindLiveObjects: 0.224900 ms CreateObjectMapping: 0.081100 ms MarkObjects: 2.199400 ms  DeleteObjects: 0.053800 ms)

AssetImportParameters requested are different than current active one (requested -> active):
  custom:video-decoder-ogg-theora: a1e56fd34408186e4bbccfd4996cb3dc -> 
  custom:container-muxer-webm: aa71ff27fc2769a1b78a27578f13a17b -> 
  custom:container-demuxer-webm: 4f35f7cbe854078d1ac9338744f61a02 -> 
  custom:video-encoder-webm-vp8: eb34c28f22e8b96e1ab97ce403110664 -> 
  custom:video-codec-MediaFoundation-h265: 746d11721c4dcdbdad8f713fa42b33f4 -> 
  custom:audio-encoder-webm-vorbis: bf7c407c2cedff20999df2af8eb42d56 -> 
  custom:framework-win-MediaFoundation: 216162199b28c13a410421893ffa2e32 -> 
  custom:container-demuxer-ogg: 62fdf1f143b41e24485cea50d1cbac27 -> 
  custom:video-decoder-webm-vp8: 9c59270c3fd7afecdb556c50c9e8de78 -> 
  custom:audio-decoder-ogg-vorbis: bf7c407c2cedff20999df2af8eb42d56 -> 
========================================================================
Received Import Request.
  Time since last request: 523292.292952 seconds.
  path: Assets/WoodsLifestyle/Models/Cabins/Doors/Door_02.fbx
  artifactKey: Guid(3f90b242017de254e85f812d438ffec9) Importer(815301076,1909f56bfc062723c751e8b465ee728b)
Start importing Assets/WoodsLifestyle/Models/Cabins/Doors/Door_02.fbx using Guid(3f90b242017de254e85f812d438ffec9) Importer(815301076,1909f56bfc062723c751e8b465ee728b)  -> (artifact id: 'b96e9fd3ae4aafbc52356c79fcf6bc2a') in 0.145824 seconds 
========================================================================
Received Import Request.
  Time since last request: 0.180146 seconds.
  path: Assets/WoodsLifestyle/Models/Cabins/Floors/Floor_01_a.fbx
  artifactKey: Guid(9afcc06a7f7bc7e43b66bd28f58639d8) Importer(815301076,1909f56bfc062723c751e8b465ee728b)
Start importing Assets/WoodsLifestyle/Models/Cabins/Floors/Floor_01_a.fbx using Guid(9afcc06a7f7bc7e43b66bd28f58639d8) Importer(815301076,1909f56bfc062723c751e8b465ee728b)  -> (artifact id: '22b7e04c275d42d4992c669f44f76509') in 0.018822 seconds 
========================================================================
Received Import Request.
  Time since last request: 0.000031 seconds.
  path: Assets/WoodsLifestyle/Models/Cabins/Floors/Floor_01_c.fbx
  artifactKey: Guid(28555845e8f335e4daa57a5e4a9fe897) Importer(815301076,1909f56bfc062723c751e8b465ee728b)
Start importing Assets/WoodsLifestyle/Models/Cabins/Floors/Floor_01_c.fbx using Guid(28555845e8f335e4daa57a5e4a9fe897) Importer(815301076,1909f56bfc062723c751e8b465ee728b)  -> (artifact id: 'ce8dcfd1cc0bb983f64937dbd698297a') in 0.018825 seconds 
========================================================================
Received Import Request.
  Time since last request: 0.326171 seconds.
  path: Assets/WoodsLifestyle/Models/Cabins/Roofs/Roof_01_a.fbx
  artifactKey: Guid(1aff882aa2688ae43bbda7951a2735cc) Importer(815301076,1909f56bfc062723c751e8b465ee728b)
Start importing Assets/WoodsLifestyle/Models/Cabins/Roofs/Roof_01_a.fbx using Guid(1aff882aa2688ae43bbda7951a2735cc) Importer(815301076,1909f56bfc062723c751e8b465ee728b)  -> (artifact id: 'a21b14f9de698c7904fd0a2a4c2841a5') in 0.019709 seconds 
========================================================================
Received Import Request.
  Time since last request: 0.000022 seconds.
  path: Assets/WoodsLifestyle/Models/Cabins/Roofs/Roof_01_b.fbx
  artifactKey: Guid(5b8ca27d42df5dd4cbabf59f45cf8774) Importer(815301076,1909f56bfc062723c751e8b465ee728b)
Start importing Assets/WoodsLifestyle/Models/Cabins/Roofs/Roof_01_b.fbx using Guid(5b8ca27d42df5dd4cbabf59f45cf8774) Importer(815301076,1909f56bfc062723c751e8b465ee728b)  -> (artifact id: '160ac75c0f171bcdf230c0182f598643') in 0.018236 seconds 
========================================================================
Received Import Request.
  Time since last request: 0.405220 seconds.
  path: Assets/WoodsLifestyle/Models/Cabins/Walls/Wall_Narrow_01_b.fbx
  artifactKey: Guid(f0a8ee4a191d3854d8bc8036e3ff2887) Importer(815301076,1909f56bfc062723c751e8b465ee728b)
Start importing Assets/WoodsLifestyle/Models/Cabins/Walls/Wall_Narrow_01_b.fbx using Guid(f0a8ee4a191d3854d8bc8036e3ff2887) Importer(815301076,1909f56bfc062723c751e8b465ee728b)  -> (artifact id: 'b255e9bb9ae0945d05a0ed72a3dc0388') in 0.014539 seconds 
========================================================================
Received Import Request.
  Time since last request: 0.000018 seconds.
  path: Assets/WoodsLifestyle/Models/Cabins/Walls/Wall_Narrow_02_b.fbx
  artifactKey: Guid(a7caf4189f37a364685fcd11766cd654) Importer(815301076,1909f56bfc062723c751e8b465ee728b)
Start importing Assets/WoodsLifestyle/Models/Cabins/Walls/Wall_Narrow_02_b.fbx using Guid(a7caf4189f37a364685fcd11766cd654) Importer(815301076,1909f56bfc062723c751e8b465ee728b)  -> (artifact id: 'e9cb7e8ecb1e51f4263f4299d919034e') in 0.018608 seconds 
========================================================================
Received Import Request.
  Time since last request: 0.000022 seconds.
  path: Assets/WoodsLifestyle/Models/Cabins/Walls/Wall_Wide_01_c.fbx
  artifactKey: Guid(a641b02027f71604bb8c51c8104b3b7d) Importer(815301076,1909f56bfc062723c751e8b465ee728b)
Start importing Assets/WoodsLifestyle/Models/Cabins/Walls/Wall_Wide_01_c.fbx using Guid(a641b02027f71604bb8c51c8104b3b7d) Importer(815301076,1909f56bfc062723c751e8b465ee728b)  -> (artifact id: '84d6396da58af4f95f2b57767674dee5') in 0.018569 seconds 
========================================================================
Received Import Request.
  Time since last request: 0.000023 seconds.
  path: Assets/WoodsLifestyle/Models/Cabins/Walls/Wall_Wide_02_a.fbx
  artifactKey: Guid(3fb5028740aea044caab166b7cef0df5) Importer(815301076,1909f56bfc062723c751e8b465ee728b)
Start importing Assets/WoodsLifestyle/Models/Cabins/Walls/Wall_Wide_02_a.fbx using Guid(3fb5028740aea044caab166b7cef0df5) Importer(815301076,1909f56bfc062723c751e8b465ee728b)  -> (artifact id: 'f43ac9d8b30929b999ee113c7d55447f') in 0.019353 seconds 
========================================================================
Received Import Request.
  Time since last request: 0.000024 seconds.
  path: Assets/WoodsLifestyle/Models/Cabins/Walls/Wall_Wide_02_c.fbx
  artifactKey: Guid(4fc77b36bb950804481dd3a761c6d468) Importer(815301076,1909f56bfc062723c751e8b465ee728b)
Start importing Assets/WoodsLifestyle/Models/Cabins/Walls/Wall_Wide_02_c.fbx using Guid(4fc77b36bb950804481dd3a761c6d468) Importer(815301076,1909f56bfc062723c751e8b465ee728b)  -> (artifact id: 'bd2e134c863f98988629b832a93896da') in 0.016916 seconds 
========================================================================
Received Import Request.
  Time since last request: 0.000023 seconds.
  path: Assets/WoodsLifestyle/Models/Cabins/Walls/Wall_Wide_01_a.fbx
  artifactKey: Guid(3c96dad9b398e8644bbff2740043bfec) Importer(815301076,1909f56bfc062723c751e8b465ee728b)
Start importing Assets/WoodsLifestyle/Models/Cabins/Walls/Wall_Wide_01_a.fbx using Guid(3c96dad9b398e8644bbff2740043bfec) Importer(815301076,1909f56bfc062723c751e8b465ee728b)  -> (artifact id: 'df3558e2cbca68057006081aaf998eca') in 0.017893 seconds 
========================================================================
Received Import Request.
  Time since last request: 16.846040 seconds.
  path: Assets/WoodsLifestyle/Models/Vegetation/Flowers/Flower_c_a_01.fbx
  artifactKey: Guid(d4560253a9104084195ae02511650121) Importer(815301076,1909f56bfc062723c751e8b465ee728b)
Start importing Assets/WoodsLifestyle/Models/Vegetation/Flowers/Flower_c_a_01.fbx using Guid(d4560253a9104084195ae02511650121) Importer(815301076,1909f56bfc062723c751e8b465ee728b)  -> (artifact id: 'd3767eba6486dec26baf0568ce4ea288') in 0.020942 seconds 
========================================================================
Received Import Request.
  Time since last request: 0.000028 seconds.
  path: Assets/WoodsLifestyle/Models/Vegetation/Flowers/Flower_c_a_02.fbx
  artifactKey: Guid(473c97f2cd3708843885be8435f0de76) Importer(815301076,1909f56bfc062723c751e8b465ee728b)
Start importing Assets/WoodsLifestyle/Models/Vegetation/Flowers/Flower_c_a_02.fbx using Guid(473c97f2cd3708843885be8435f0de76) Importer(815301076,1909f56bfc062723c751e8b465ee728b)  -> (artifact id: '4ee5a01637d27c0c100b6cff47aafa93') in 0.050651 seconds 
========================================================================
Received Import Request.
  Time since last request: 0.605824 seconds.
  path: Assets/WoodsLifestyle/Models/Vegetation/Mushrooms/Mushroom_c_a_02.fbx
  artifactKey: Guid(f329f4189d228ab4da8be1829686864f) Importer(815301076,1909f56bfc062723c751e8b465ee728b)
Start importing Assets/WoodsLifestyle/Models/Vegetation/Mushrooms/Mushroom_c_a_02.fbx using Guid(f329f4189d228ab4da8be1829686864f) Importer(815301076,1909f56bfc062723c751e8b465ee728b)  -> (artifact id: 'b06a5159dc14291d6d6b4a760d4d0aef') in 0.015928 seconds 
========================================================================
Received Import Request.
  Time since last request: 22.839938 seconds.
  path: Assets/WoodsLifestyle/Models/Vegetation/Grass/Grass_b_03.fbx
  artifactKey: Guid(540f5ac97692bc74f919cebf843ad987) Importer(815301076,1909f56bfc062723c751e8b465ee728b)
Start importing Assets/WoodsLifestyle/Models/Vegetation/Grass/Grass_b_03.fbx using Guid(540f5ac97692bc74f919cebf843ad987) Importer(815301076,1909f56bfc062723c751e8b465ee728b)  -> (artifact id: '6d37fd21e949ceb4a27f5484f172a958') in 0.024556 seconds 
========================================================================
Received Import Request.
  Time since last request: 0.000016 seconds.
  path: Assets/WoodsLifestyle/Models/Vegetation/Grass/Grass_c_01.fbx
  artifactKey: Guid(643076a60ffaf724a85e081b64be4a2d) Importer(815301076,1909f56bfc062723c751e8b465ee728b)
Start importing Assets/WoodsLifestyle/Models/Vegetation/Grass/Grass_c_01.fbx using Guid(643076a60ffaf724a85e081b64be4a2d) Importer(815301076,1909f56bfc062723c751e8b465ee728b)  -> (artifact id: '41c5416b639cc7fe01ab6164632198fe') in 0.029743 seconds 
========================================================================
Received Import Request.
  Time since last request: 1.029544 seconds.
  path: Assets/WoodsLifestyle/Models/Vegetation/Plants/Plant_c_02.fbx
  artifactKey: Guid(15b8c0bd853a0bc41bc442ad85fda29c) Importer(815301076,1909f56bfc062723c751e8b465ee728b)
Start importing Assets/WoodsLifestyle/Models/Vegetation/Plants/Plant_c_02.fbx using Guid(15b8c0bd853a0bc41bc442ad85fda29c) Importer(815301076,1909f56bfc062723c751e8b465ee728b)  -> (artifact id: '1cd5ca313e39c113e442a599412d7dd4') in 0.018037 seconds 
========================================================================
Received Import Request.
  Time since last request: 0.525082 seconds.
  path: Assets/WoodsLifestyle/Models/Vegetation/Sticks/Stick_02_a.fbx
  artifactKey: Guid(0e85c90891a9a5f4aadc197a9942a585) Importer(815301076,1909f56bfc062723c751e8b465ee728b)
Start importing Assets/WoodsLifestyle/Models/Vegetation/Sticks/Stick_02_a.fbx using Guid(0e85c90891a9a5f4aadc197a9942a585) Importer(815301076,1909f56bfc062723c751e8b465ee728b)  -> (artifact id: '038911f2b3cc54fc8f6e0c7a1e239cd7') in 0.015312 seconds 
========================================================================
Received Import Request.
  Time since last request: 0.000016 seconds.
  path: Assets/WoodsLifestyle/Models/Vegetation/Sticks/Stick_02_c.fbx
  artifactKey: Guid(ac187c09781ec5f46add7e6e9b37d75b) Importer(815301076,1909f56bfc062723c751e8b465ee728b)
Start importing Assets/WoodsLifestyle/Models/Vegetation/Sticks/Stick_02_c.fbx using Guid(ac187c09781ec5f46add7e6e9b37d75b) Importer(815301076,1909f56bfc062723c751e8b465ee728b)  -> (artifact id: '9811fd3132ec5f44abadb6c15c022f6e') in 0.017541 seconds 
========================================================================
Received Import Request.
  Time since last request: 0.689233 seconds.
  path: Assets/WoodsLifestyle/Models/Vegetation/Trees/Tree_01_c.fbx
  artifactKey: Guid(1a3aaa238065992479bafe2f76aeebb1) Importer(815301076,1909f56bfc062723c751e8b465ee728b)
Start importing Assets/WoodsLifestyle/Models/Vegetation/Trees/Tree_01_c.fbx using Guid(1a3aaa238065992479bafe2f76aeebb1) Importer(815301076,1909f56bfc062723c751e8b465ee728b)  -> (artifact id: '7fb6ad48d05956aa97cbe307ed898abe') in 0.022653 seconds 
========================================================================
Received Import Request.
  Time since last request: 0.000019 seconds.
  path: Assets/WoodsLifestyle/Models/Vegetation/Trees/Tree_02_c.fbx
  artifactKey: Guid(42f9e3e8473c13649826dc0e398f723c) Importer(815301076,1909f56bfc062723c751e8b465ee728b)
Start importing Assets/WoodsLifestyle/Models/Vegetation/Trees/Tree_02_c.fbx using Guid(42f9e3e8473c13649826dc0e398f723c) Importer(815301076,1909f56bfc062723c751e8b465ee728b)  -> (artifact id: '568113ab29cb8aa95d83d2b55c950a14') in 0.019220 seconds 
========================================================================
Received Import Request.
  Time since last request: 0.000022 seconds.
  path: Assets/WoodsLifestyle/Models/Vegetation/Trees/Tree_06_b.fbx
  artifactKey: Guid(d0d1378f9346c4445965194f2ece541a) Importer(815301076,1909f56bfc062723c751e8b465ee728b)
Start importing Assets/WoodsLifestyle/Models/Vegetation/Trees/Tree_06_b.fbx using Guid(d0d1378f9346c4445965194f2ece541a) Importer(815301076,1909f56bfc062723c751e8b465ee728b)  -> (artifact id: '6a54c516bbc45ec24e141359db2d5f73') in 0.019810 seconds 
========================================================================
Received Import Request.
  Time since last request: 0.000013 seconds.
  path: Assets/WoodsLifestyle/Models/Vegetation/Trees/Tree_02_a.fbx
  artifactKey: Guid(be20c35fb33c0ed429d4dc2691cd3bc4) Importer(815301076,1909f56bfc062723c751e8b465ee728b)
Start importing Assets/WoodsLifestyle/Models/Vegetation/Trees/Tree_02_a.fbx using Guid(be20c35fb33c0ed429d4dc2691cd3bc4) Importer(815301076,1909f56bfc062723c751e8b465ee728b)  -> (artifact id: 'bd3d6c9ef3ec675766bbde78370c46e5') in 0.019895 seconds 
========================================================================
Received Import Request.
  Time since last request: 0.000020 seconds.
  path: Assets/WoodsLifestyle/Models/Vegetation/Trees/Tree_03_b.fbx
  artifactKey: Guid(ed730ea1c0f17534aae2b1e3ffcd0fff) Importer(815301076,1909f56bfc062723c751e8b465ee728b)
Start importing Assets/WoodsLifestyle/Models/Vegetation/Trees/Tree_03_b.fbx using Guid(ed730ea1c0f17534aae2b1e3ffcd0fff) Importer(815301076,1909f56bfc062723c751e8b465ee728b)  -> (artifact id: 'f53645406fc10654eee01dccc4b2603c') in 0.019271 seconds 
========================================================================
Received Import Request.
  Time since last request: 0.000018 seconds.
  path: Assets/WoodsLifestyle/Models/Vegetation/Trees/Tree_04_a.fbx
  artifactKey: Guid(863b270f68a244143b772ba842b2a4a9) Importer(815301076,1909f56bfc062723c751e8b465ee728b)
Start importing Assets/WoodsLifestyle/Models/Vegetation/Trees/Tree_04_a.fbx using Guid(863b270f68a244143b772ba842b2a4a9) Importer(815301076,1909f56bfc062723c751e8b465ee728b)  -> (artifact id: '501480bdaec6107e2563319bb4879d99') in 0.019078 seconds 
========================================================================
Received Import Request.
  Time since last request: 0.000016 seconds.
  path: Assets/WoodsLifestyle/Models/Vegetation/Trees/Tree_02_b.fbx
  artifactKey: Guid(989969bcc3760c74ea385b3eab1d8b1a) Importer(815301076,1909f56bfc062723c751e8b465ee728b)
Start importing Assets/WoodsLifestyle/Models/Vegetation/Trees/Tree_02_b.fbx using Guid(989969bcc3760c74ea385b3eab1d8b1a) Importer(815301076,1909f56bfc062723c751e8b465ee728b)  -> (artifact id: '9989656790acf36d9fe6197504e6d794') in 0.020419 seconds 
========================================================================
Received Import Request.
  Time since last request: 79.099575 seconds.
  path: Assets/WoodsLifestyle/Models/Props/Furniture/BedSingle_01.fbx
  artifactKey: Guid(67db6c5b46da9ab41bb4dc86d034f942) Importer(815301076,1909f56bfc062723c751e8b465ee728b)
Start importing Assets/WoodsLifestyle/Models/Props/Furniture/BedSingle_01.fbx using Guid(67db6c5b46da9ab41bb4dc86d034f942) Importer(815301076,1909f56bfc062723c751e8b465ee728b)  -> (artifact id: '5f83f85b3e931cf005be1395b2b01035') in 0.020626 seconds 
========================================================================
Received Import Request.
  Time since last request: 0.000018 seconds.
  path: Assets/WoodsLifestyle/Models/Props/Furniture/Table_01_a.fbx
  artifactKey: Guid(e3a9389a3394e074c97b9fc14e7e5ca0) Importer(815301076,1909f56bfc062723c751e8b465ee728b)
Start importing Assets/WoodsLifestyle/Models/Props/Furniture/Table_01_a.fbx using Guid(e3a9389a3394e074c97b9fc14e7e5ca0) Importer(815301076,1909f56bfc062723c751e8b465ee728b)  -> (artifact id: '1d7e5e9580d20a87a0381dbb8c71c0d3') in 0.034715 seconds 
========================================================================
Received Import Request.
  Time since last request: 0.000022 seconds.
  path: Assets/WoodsLifestyle/Models/Props/Furniture/Chair_01.fbx
  artifactKey: Guid(ae519a414e4006d43974342e198ba96a) Importer(815301076,1909f56bfc062723c751e8b465ee728b)
Start importing Assets/WoodsLifestyle/Models/Props/Furniture/Chair_01.fbx using Guid(ae519a414e4006d43974342e198ba96a) Importer(815301076,1909f56bfc062723c751e8b465ee728b)  -> (artifact id: '5b659fe1f8daf65c47fd924ba8a98c23') in 0.030216 seconds 
========================================================================
Received Import Request.
  Time since last request: 0.000028 seconds.
  path: Assets/WoodsLifestyle/Models/Props/Furniture/Stool_01.fbx
  artifactKey: Guid(7ced832f1214bc4419445ed54db5ae6d) Importer(815301076,1909f56bfc062723c751e8b465ee728b)
Start importing Assets/WoodsLifestyle/Models/Props/Furniture/Stool_01.fbx using Guid(7ced832f1214bc4419445ed54db5ae6d) Importer(815301076,1909f56bfc062723c751e8b465ee728b)  -> (artifact id: '110f40d60cb11cab5f13fc925546fcf3') in 0.032058 seconds 
========================================================================
Received Import Request.
  Time since last request: 0.000018 seconds.
  path: Assets/WoodsLifestyle/Models/Props/Furniture/Cabinet_01.fbx
  artifactKey: Guid(d5e5da9387766314d9bd43e7858aee61) Importer(815301076,1909f56bfc062723c751e8b465ee728b)
Start importing Assets/WoodsLifestyle/Models/Props/Furniture/Cabinet_01.fbx using Guid(d5e5da9387766314d9bd43e7858aee61) Importer(815301076,1909f56bfc062723c751e8b465ee728b)  -> (artifact id: '3e5bb6cd32695bc89eff34a548b96d71') in 0.025461 seconds 
========================================================================
Received Import Request.
  Time since last request: 0.000023 seconds.
  path: Assets/WoodsLifestyle/Models/Props/Furniture/Shelf_01.fbx
  artifactKey: Guid(472ec75ff20838d40a62f3a1c0ce1069) Importer(815301076,1909f56bfc062723c751e8b465ee728b)
Start importing Assets/WoodsLifestyle/Models/Props/Furniture/Shelf_01.fbx using Guid(472ec75ff20838d40a62f3a1c0ce1069) Importer(815301076,1909f56bfc062723c751e8b465ee728b)  -> (artifact id: '44636509787ae5b422457ce562ce12d0') in 0.021153 seconds 
========================================================================
Received Import Request.
  Time since last request: 0.000020 seconds.
  path: Assets/WoodsLifestyle/Models/Props/Furniture/KitchenTable_01.fbx
  artifactKey: Guid(5171f178c01c46f48a6da7a86867c4fe) Importer(815301076,1909f56bfc062723c751e8b465ee728b)
Start importing Assets/WoodsLifestyle/Models/Props/Furniture/KitchenTable_01.fbx using Guid(5171f178c01c46f48a6da7a86867c4fe) Importer(815301076,1909f56bfc062723c751e8b465ee728b)  -> (artifact id: '1f22a831d9dabe8381c4e1592c188789') in 0.021719 seconds 
========================================================================
Received Import Request.
  Time since last request: 0.000014 seconds.
  path: Assets/WoodsLifestyle/Models/Props/Furniture/Table_03.fbx
  artifactKey: Guid(547596d8e90fbca449aa0430f7f80941) Importer(815301076,1909f56bfc062723c751e8b465ee728b)
Start importing Assets/WoodsLifestyle/Models/Props/Furniture/Table_03.fbx using Guid(547596d8e90fbca449aa0430f7f80941) Importer(815301076,1909f56bfc062723c751e8b465ee728b)  -> (artifact id: '301399c8708f045cfd542e7a56141632') in 0.027334 seconds 
========================================================================
Received Import Request.
  Time since last request: 0.000019 seconds.
  path: Assets/WoodsLifestyle/Models/Props/Furniture/WallShelf_02.fbx
  artifactKey: Guid(9b5396b6f1274d744ab34774e50137c3) Importer(815301076,1909f56bfc062723c751e8b465ee728b)
Start importing Assets/WoodsLifestyle/Models/Props/Furniture/WallShelf_02.fbx using Guid(9b5396b6f1274d744ab34774e50137c3) Importer(815301076,1909f56bfc062723c751e8b465ee728b)  -> (artifact id: '0cea2d757c16115835d3189cade74ee6') in 0.016151 seconds 
Editor requested this worker to shutdown with reason: Scaling down because of idle timeout
AssetImportWorker is now disconnected from the server
Process exiting
Exiting without the bug reporter. Application will terminate with return code 0