Using pre-set license
Built from '2021.3/staging' branch; Version is '2021.3.26f1 (a16dc32e0ff2) revision 10579395'; Using compiler version '192829333'; Build Type 'Release'
OS: 'Windows 11  (10.0.22621) 64bit Core' Language: 'ru' Physical Memory: 16307 MB
BatchMode: 1, IsHumanControllingUs: 0, StartBugReporterOnCrash: 0, Is64bit: 1, IsPro: 1

COMMAND LINE ARGUMENTS:
C:\Program Files\Unity 2021.3.26f1\Editor\Unity.exe
-adb2
-batchMode
-noUpm
-name
AssetImportWorker11
-projectPath
C:/Users/vladi/test task
-logFile
Logs/AssetImportWorker11.log
-srvPort
60803
Successfully changed project path to: C:/Users/vladi/test task
C:/Users/vladi/test task
[UnityMemory] Configuration Parameters - Can be set up in boot.config
    "memorysetup-bucket-allocator-granularity=16"
    "memorysetup-bucket-allocator-bucket-count=8"
    "memorysetup-bucket-allocator-block-size=33554432"
    "memorysetup-bucket-allocator-block-count=8"
    "memorysetup-main-allocator-block-size=16777216"
    "memorysetup-thread-allocator-block-size=16777216"
    "memorysetup-gfx-main-allocator-block-size=16777216"
    "memorysetup-gfx-thread-allocator-block-size=16777216"
    "memorysetup-cache-allocator-block-size=4194304"
    "memorysetup-typetree-allocator-block-size=2097152"
    "memorysetup-profiler-bucket-allocator-granularity=16"
    "memorysetup-profiler-bucket-allocator-bucket-count=8"
    "memorysetup-profiler-bucket-allocator-block-size=33554432"
    "memorysetup-profiler-bucket-allocator-block-count=8"
    "memorysetup-profiler-allocator-block-size=16777216"
    "memorysetup-profiler-editor-allocator-block-size=1048576"
    "memorysetup-temp-allocator-size-main=16777216"
    "memorysetup-job-temp-allocator-block-size=2097152"
    "memorysetup-job-temp-allocator-block-size-background=1048576"
    "memorysetup-job-temp-allocator-reduction-small-platforms=262144"
    "memorysetup-temp-allocator-size-background-worker=32768"
    "memorysetup-temp-allocator-size-job-worker=262144"
    "memorysetup-temp-allocator-size-preload-manager=33554432"
    "memorysetup-temp-allocator-size-nav-mesh-worker=65536"
    "memorysetup-temp-allocator-size-audio-worker=65536"
    "memorysetup-temp-allocator-size-cloud-worker=32768"
    "memorysetup-temp-allocator-size-gi-baking-worker=262144"
    "memorysetup-temp-allocator-size-gfx=262144"
Player connection [15032] Host "[IP] 192.168.1.243 [Port] 0 [Flags] 2 [Guid] 99765537 [EditorId] 99765537 [Version] 1048832 [Id] WindowsEditor(7,Vladimir) [Debug] 1 [PackageName] WindowsEditor [ProjectName] Editor" joined multi-casting on [225.0.0.222:54997]...

Player connection [15032] Host "[IP] 192.168.1.243 [Port] 0 [Flags] 2 [Guid] 99765537 [EditorId] 99765537 [Version] 1048832 [Id] WindowsEditor(7,Vladimir) [Debug] 1 [PackageName] WindowsEditor [ProjectName] Editor" joined alternative multi-casting on [225.0.0.222:34997]...

Refreshing native plugins compatible for Editor in 86.56 ms, found 3 plugins.
Preloading 0 native plugins for Editor in 0.00 ms.
Initialize engine version: 2021.3.26f1 (a16dc32e0ff2)
[Subsystems] Discovering subsystems at path C:/Program Files/Unity 2021.3.26f1/Editor/Data/Resources/UnitySubsystems
[Subsystems] Discovering subsystems at path C:/Users/vladi/test task/Assets
GfxDevice: creating device client; threaded=0; jobified=0
Direct3D:
    Version:  Direct3D 11.0 [level 11.1]
    Renderer: NVIDIA GeForce RTX 3070 (ID=0x2484)
    Vendor:   NVIDIA
    VRAM:     8031 MB
    Driver:   31.0.15.3742
Initialize mono
Mono path[0] = 'C:/Program Files/Unity 2021.3.26f1/Editor/Data/Managed'
Mono path[1] = 'C:/Program Files/Unity 2021.3.26f1/Editor/Data/MonoBleedingEdge/lib/mono/unityjit-win32'
Mono config path = 'C:/Program Files/Unity 2021.3.26f1/Editor/Data/MonoBleedingEdge/etc'
Using monoOptions --debugger-agent=transport=dt_socket,embedding=1,server=y,suspend=n,address=127.0.0.1:56928
Begin MonoManager ReloadAssembly
Registering precompiled unity dll's ...
Register platform support module: C:/Program Files/Unity 2021.3.26f1/Editor/Data/PlaybackEngines/WindowsStandaloneSupport/UnityEditor.WindowsStandalone.Extensions.dll
Registered in 0.003540 seconds.
Native extension for WindowsStandalone target not found
Refreshing native plugins compatible for Editor in 68.10 ms, found 3 plugins.
Preloading 0 native plugins for Editor in 0.00 ms.
Mono: successfully reloaded assembly
- Completed reload, in  0.583 seconds
Domain Reload Profiling:
	ReloadAssembly (584ms)
		BeginReloadAssembly (84ms)
			ExecutionOrderSort (0ms)
			DisableScriptedObjects (0ms)
			BackupInstance (0ms)
			ReleaseScriptingObjects (0ms)
			CreateAndSetChildDomain (1ms)
		EndReloadAssembly (401ms)
			LoadAssemblies (81ms)
			RebuildTransferFunctionScriptingTraits (0ms)
			SetupTypeCache (92ms)
			ReleaseScriptCaches (0ms)
			RebuildScriptCaches (30ms)
			SetupLoadedEditorAssemblies (233ms)
				LogAssemblyErrors (0ms)
				InitializePlatformSupportModulesInManaged (7ms)
				SetLoadedEditorAssemblies (0ms)
				RefreshPlugins (68ms)
				BeforeProcessingInitializeOnLoad (2ms)
				ProcessInitializeOnLoadAttributes (112ms)
				ProcessInitializeOnLoadMethodAttributes (44ms)
				AfterProcessingInitializeOnLoad (0ms)
				EditorAssembliesLoaded (0ms)
			ExecutionOrderSort2 (0ms)
			AwakeInstancesAfterBackupRestoration (0ms)
Platform modules already initialized, skipping
Registering precompiled user dll's ...
Registered in 0.004808 seconds.
Begin MonoManager ReloadAssembly
Symbol file LoadedFromMemory doesn't match image C:\Users\vladi\test task\Library\PackageCache\com.unity.visualscripting@1.8.0\Editor\VisualScripting.Core\Dependencies\YamlDotNet\Unity.VisualScripting.YamlDotNet.dll
Symbol file LoadedFromMemory doesn't match image C:\Users\vladi\test task\Library\PackageCache\com.unity.visualscripting@1.8.0\Editor\VisualScripting.Core\Dependencies\DotNetZip\Unity.VisualScripting.IonicZip.dll
Native extension for WindowsStandalone target not found
Refreshing native plugins compatible for Editor in 0.63 ms, found 3 plugins.
Preloading 0 native plugins for Editor in 0.00 ms.
Mono: successfully reloaded assembly
- Completed reload, in  0.890 seconds
Domain Reload Profiling:
	ReloadAssembly (891ms)
		BeginReloadAssembly (106ms)
			ExecutionOrderSort (0ms)
			DisableScriptedObjects (6ms)
			BackupInstance (0ms)
			ReleaseScriptingObjects (0ms)
			CreateAndSetChildDomain (17ms)
		EndReloadAssembly (689ms)
			LoadAssemblies (74ms)
			RebuildTransferFunctionScriptingTraits (0ms)
			SetupTypeCache (230ms)
			ReleaseScriptCaches (1ms)
			RebuildScriptCaches (49ms)
			SetupLoadedEditorAssemblies (308ms)
				LogAssemblyErrors (0ms)
				InitializePlatformSupportModulesInManaged (4ms)
				SetLoadedEditorAssemblies (0ms)
				RefreshPlugins (1ms)
				BeforeProcessingInitializeOnLoad (70ms)
				ProcessInitializeOnLoadAttributes (208ms)
				ProcessInitializeOnLoadMethodAttributes (18ms)
				AfterProcessingInitializeOnLoad (6ms)
				EditorAssembliesLoaded (0ms)
			ExecutionOrderSort2 (0ms)
			AwakeInstancesAfterBackupRestoration (5ms)
Platform modules already initialized, skipping
========================================================================
Worker process is ready to serve import requests
Launched and connected shader compiler UnityShaderCompiler.exe after 0.06 seconds
Refreshing native plugins compatible for Editor in 0.54 ms, found 3 plugins.
Preloading 0 native plugins for Editor in 0.00 ms.
Unloading 3051 Unused Serialized files (Serialized files now loaded: 0)
Unloading 22 unused Assets / (56.5 KB). Loaded Objects now: 3514.
Memory consumption went from 108.5 MB to 108.4 MB.
Total: 2.813700 ms (FindLiveObjects: 0.259400 ms CreateObjectMapping: 0.078600 ms MarkObjects: 2.404800 ms  DeleteObjects: 0.069900 ms)

AssetImportParameters requested are different than current active one (requested -> active):
  custom:video-decoder-ogg-theora: a1e56fd34408186e4bbccfd4996cb3dc -> 
  custom:container-muxer-webm: aa71ff27fc2769a1b78a27578f13a17b -> 
  custom:container-demuxer-webm: 4f35f7cbe854078d1ac9338744f61a02 -> 
  custom:video-encoder-webm-vp8: eb34c28f22e8b96e1ab97ce403110664 -> 
  custom:video-codec-MediaFoundation-h265: 746d11721c4dcdbdad8f713fa42b33f4 -> 
  custom:audio-encoder-webm-vorbis: bf7c407c2cedff20999df2af8eb42d56 -> 
  custom:framework-win-MediaFoundation: 216162199b28c13a410421893ffa2e32 -> 
  custom:container-demuxer-ogg: 62fdf1f143b41e24485cea50d1cbac27 -> 
  custom:video-decoder-webm-vp8: 9c59270c3fd7afecdb556c50c9e8de78 -> 
  custom:audio-decoder-ogg-vorbis: bf7c407c2cedff20999df2af8eb42d56 -> 
========================================================================
Received Import Request.
  Time since last request: 524496.861917 seconds.
  path: Assets/WoodsLifestyle/Models/Cabins/Roofs
  artifactKey: Guid(dada8bd0f750d6043a2adc8fd1dc3cdf) Importer(815301076,1909f56bfc062723c751e8b465ee728b)
Start importing Assets/WoodsLifestyle/Models/Cabins/Roofs using Guid(dada8bd0f750d6043a2adc8fd1dc3cdf) Importer(815301076,1909f56bfc062723c751e8b465ee728b)  -> (artifact id: '54419c65713eacafe941679bf376bb75') in 0.014031 seconds 
========================================================================
Received Import Request.
  Time since last request: 2211.312776 seconds.
  path: Assets/WoodsLifestyle/Models/Cabins/Doors
  artifactKey: Guid(cae9bb846f2398643b008b863143dbe2) Importer(815301076,1909f56bfc062723c751e8b465ee728b)
Start importing Assets/WoodsLifestyle/Models/Cabins/Doors using Guid(cae9bb846f2398643b008b863143dbe2) Importer(815301076,1909f56bfc062723c751e8b465ee728b)  -> (artifact id: '64e7d597836abeab02e1762dcb64d019') in 0.009000 seconds 
========================================================================
Received Import Request.
  Time since last request: 391.155809 seconds.
  path: Assets/WoodsLifestyle/Models/Vegetation/Mushrooms/Mushroom_a_01.fbx
  artifactKey: Guid(79c4a801abeca064996fe3c3077b10ff) Importer(815301076,1909f56bfc062723c751e8b465ee728b)
Start importing Assets/WoodsLifestyle/Models/Vegetation/Mushrooms/Mushroom_a_01.fbx using Guid(79c4a801abeca064996fe3c3077b10ff) Importer(815301076,1909f56bfc062723c751e8b465ee728b)  -> (artifact id: 'f8736ec2b07d8655c09b3e8622cc6c62') in 0.172439 seconds 
========================================================================
Received Import Request.
  Time since last request: 660.259756 seconds.
  path: Assets/WoodsLifestyle/Models/Vegetation/Mushrooms/Mushroom_c_a_02.fbx
  artifactKey: Guid(f329f4189d228ab4da8be1829686864f) Importer(815301076,1909f56bfc062723c751e8b465ee728b)
Start importing Assets/WoodsLifestyle/Models/Vegetation/Mushrooms/Mushroom_c_a_02.fbx using Guid(f329f4189d228ab4da8be1829686864f) Importer(815301076,1909f56bfc062723c751e8b465ee728b)  -> (artifact id: '3cd8cfe5347f21a330dbc8a364623de8') in 0.013111 seconds 
========================================================================
Received Import Request.
  Time since last request: 300.390691 seconds.
  path: Assets/WoodsLifestyle/Models/Vegetation/Mushrooms/Mushroom_b_a_01.fbx
  artifactKey: Guid(8718e58561a24f64b90736ee92619f41) Importer(815301076,1909f56bfc062723c751e8b465ee728b)
Start importing Assets/WoodsLifestyle/Models/Vegetation/Mushrooms/Mushroom_b_a_01.fbx using Guid(8718e58561a24f64b90736ee92619f41) Importer(815301076,1909f56bfc062723c751e8b465ee728b)  -> (artifact id: '97a05002f1bb520e1a2f54183e19dad2') in 0.016908 seconds 
========================================================================
Received Import Request.
  Time since last request: 547.961872 seconds.
  path: Assets/WoodsLifestyle/Models/Vegetation/Mushrooms/Materials
  artifactKey: Guid(e7a580786642a7a41b0b66827b2415ab) Importer(815301076,1909f56bfc062723c751e8b465ee728b)
Start importing Assets/WoodsLifestyle/Models/Vegetation/Mushrooms/Materials using Guid(e7a580786642a7a41b0b66827b2415ab) Importer(815301076,1909f56bfc062723c751e8b465ee728b)  -> (artifact id: '764f9f9ba5300d8b5065dab6183e8a37') in 0.006050 seconds 
========================================================================
Received Import Request.
  Time since last request: 0.071198 seconds.
  path: Assets/WoodsLifestyle/Models/Vegetation/Mushrooms/Materials/Head_Brown_02.mat
  artifactKey: Guid(81f02467aa83e2c44b06e317a154c442) Importer(815301076,1909f56bfc062723c751e8b465ee728b)
Start importing Assets/WoodsLifestyle/Models/Vegetation/Mushrooms/Materials/Head_Brown_02.mat using Guid(81f02467aa83e2c44b06e317a154c442) Importer(815301076,1909f56bfc062723c751e8b465ee728b)  -> (artifact id: '73e00421fb474affe7b83e7f08200e99') in 0.034277 seconds 
========================================================================
Received Import Request.
  Time since last request: 0.000020 seconds.
  path: Assets/WoodsLifestyle/Models/Vegetation/Mushrooms/Materials/Stem_Brown_01.mat
  artifactKey: Guid(6330f34a5e4280543a001197287a7c18) Importer(815301076,1909f56bfc062723c751e8b465ee728b)
Start importing Assets/WoodsLifestyle/Models/Vegetation/Mushrooms/Materials/Stem_Brown_01.mat using Guid(6330f34a5e4280543a001197287a7c18) Importer(815301076,1909f56bfc062723c751e8b465ee728b)  -> (artifact id: '1923f9bd03d28b2ed653f10d9749553b') in 0.016020 seconds 
========================================================================
Received Import Request.
  Time since last request: 0.000027 seconds.
  path: Assets/WoodsLifestyle/Models/Vegetation/Mushrooms/Materials/Stem_White_01.mat
  artifactKey: Guid(437e2b4a1a9152e4e8bb68993d616671) Importer(815301076,1909f56bfc062723c751e8b465ee728b)
Start importing Assets/WoodsLifestyle/Models/Vegetation/Mushrooms/Materials/Stem_White_01.mat using Guid(437e2b4a1a9152e4e8bb68993d616671) Importer(815301076,1909f56bfc062723c751e8b465ee728b)  -> (artifact id: '75b5c8714110aee41a5ec31c6bd6595a') in 0.013651 seconds 
========================================================================
Received Import Request.
  Time since last request: 292.427984 seconds.
  path: Assets/Low Poly Environment Starter Kit/Source/Meshes/Other/Bush_1.fbx
  artifactKey: Guid(1469a1fa4454cad46b8b1e73578bea0d) Importer(815301076,1909f56bfc062723c751e8b465ee728b)
Start importing Assets/Low Poly Environment Starter Kit/Source/Meshes/Other/Bush_1.fbx using Guid(1469a1fa4454cad46b8b1e73578bea0d) Importer(815301076,1909f56bfc062723c751e8b465ee728b)  -> (artifact id: '794f8f1b27df3b5798f7521ea6396525') in 0.023474 seconds 
========================================================================
Received Import Request.
  Time since last request: 0.000033 seconds.
  path: Assets/Low Poly Environment Starter Kit/Source/Meshes/Other/Water Plane.fbx
  artifactKey: Guid(9e8e08b7df908c344a6ab0d3fc8dfc38) Importer(815301076,1909f56bfc062723c751e8b465ee728b)
Start importing Assets/Low Poly Environment Starter Kit/Source/Meshes/Other/Water Plane.fbx using Guid(9e8e08b7df908c344a6ab0d3fc8dfc38) Importer(815301076,1909f56bfc062723c751e8b465ee728b)  -> (artifact id: '9457c709366910bc36bae06ebcd8aedd') in 0.019298 seconds 
========================================================================
Received Import Request.
  Time since last request: 0.000041 seconds.
  path: Assets/Low Poly Environment Starter Kit/Source/Meshes/Other/Grass_3.fbx
  artifactKey: Guid(79d063a03c2341349a61533399bab287) Importer(815301076,1909f56bfc062723c751e8b465ee728b)
Start importing Assets/Low Poly Environment Starter Kit/Source/Meshes/Other/Grass_3.fbx using Guid(79d063a03c2341349a61533399bab287) Importer(815301076,1909f56bfc062723c751e8b465ee728b)  -> (artifact id: 'bb1255e8a1fc61db83d8e3d2585d0e23') in 0.019039 seconds 
========================================================================
Received Import Request.
  Time since last request: 0.000017 seconds.
  path: Assets/Low Poly Environment Starter Kit/Source/Meshes/Other/Bush_3.fbx
  artifactKey: Guid(2bd57b0b74f27c54d93ff39f7f98809d) Importer(815301076,1909f56bfc062723c751e8b465ee728b)
Start importing Assets/Low Poly Environment Starter Kit/Source/Meshes/Other/Bush_3.fbx using Guid(2bd57b0b74f27c54d93ff39f7f98809d) Importer(815301076,1909f56bfc062723c751e8b465ee728b)  -> (artifact id: 'e917ac8e691ded43fc9817342433a279') in 0.016470 seconds 
========================================================================
Received Import Request.
  Time since last request: 0.000021 seconds.
  path: Assets/Low Poly Environment Starter Kit/Source/Meshes/Other/Grass_4.fbx
  artifactKey: Guid(5692732296ef05241a829e7da9088fdf) Importer(815301076,1909f56bfc062723c751e8b465ee728b)
Start importing Assets/Low Poly Environment Starter Kit/Source/Meshes/Other/Grass_4.fbx using Guid(5692732296ef05241a829e7da9088fdf) Importer(815301076,1909f56bfc062723c751e8b465ee728b)  -> (artifact id: '619a8f48652d112be8daf8fccad09a79') in 0.019658 seconds 
========================================================================
Received Import Request.
  Time since last request: 0.000020 seconds.
  path: Assets/Low Poly Environment Starter Kit/Source/Meshes/Other/Grass_1.fbx
  artifactKey: Guid(c94f21dd6e4a6ee499bc51f46c915e14) Importer(815301076,1909f56bfc062723c751e8b465ee728b)
Start importing Assets/Low Poly Environment Starter Kit/Source/Meshes/Other/Grass_1.fbx using Guid(c94f21dd6e4a6ee499bc51f46c915e14) Importer(815301076,1909f56bfc062723c751e8b465ee728b)  -> (artifact id: '9fa32462947f6795b623a139ca19e580') in 0.017216 seconds 
========================================================================
Received Import Request.
  Time since last request: 0.000027 seconds.
  path: Assets/Low Poly Environment Starter Kit/Source/Meshes/Other/Grass_2.fbx
  artifactKey: Guid(de4828c7966a28f48b6765d2f717a41b) Importer(815301076,1909f56bfc062723c751e8b465ee728b)
Start importing Assets/Low Poly Environment Starter Kit/Source/Meshes/Other/Grass_2.fbx using Guid(de4828c7966a28f48b6765d2f717a41b) Importer(815301076,1909f56bfc062723c751e8b465ee728b)  -> (artifact id: '92adbaa8be22f6debb93b0ac4059b28b') in 0.017632 seconds 
========================================================================
Received Import Request.
  Time since last request: 28.184393 seconds.
  path: Assets/EmaceArt/LowPolyNatureProject - EA04 Tiny Forest Remastered/Terrain/New Terrain 2.asset
  artifactKey: Guid(d9eeb067d28058a4e8b69dcb95a6089a) Importer(815301076,1909f56bfc062723c751e8b465ee728b)
Start importing Assets/EmaceArt/LowPolyNatureProject - EA04 Tiny Forest Remastered/Terrain/New Terrain 2.asset using Guid(d9eeb067d28058a4e8b69dcb95a6089a) Importer(815301076,1909f56bfc062723c751e8b465ee728b)  -> (artifact id: 'cff173df14b668614b8a26402bd9125a') in 0.087873 seconds 
========================================================================
Received Import Request.
  Time since last request: 1.006345 seconds.
  path: Assets/EmaceArt/LowPolyNatureProject - EA04 Tiny Forest Remastered/Textures/EA04_LPNP-Artefacts_Colorsheet_v1.png
  artifactKey: Guid(c1186ef993bcf904ba4a559a2e50a5fc) Importer(815301076,1909f56bfc062723c751e8b465ee728b)
Start importing Assets/EmaceArt/LowPolyNatureProject - EA04 Tiny Forest Remastered/Textures/EA04_LPNP-Artefacts_Colorsheet_v1.png using Guid(c1186ef993bcf904ba4a559a2e50a5fc) Importer(815301076,1909f56bfc062723c751e8b465ee728b)  -> (artifact id: 'bea8e7ced36069cb654695912dce4585') in 0.039286 seconds 
========================================================================
Received Import Request.
  Time since last request: 0.000016 seconds.
  path: Assets/EmaceArt/LowPolyNatureProject - EA04 Tiny Forest Remastered/Textures/EA04_LPNP-Artefacts_Colorsheet_v3.png
  artifactKey: Guid(d1894539f8d469144abed414f36225df) Importer(815301076,1909f56bfc062723c751e8b465ee728b)
Start importing Assets/EmaceArt/LowPolyNatureProject - EA04 Tiny Forest Remastered/Textures/EA04_LPNP-Artefacts_Colorsheet_v3.png using Guid(d1894539f8d469144abed414f36225df) Importer(815301076,1909f56bfc062723c751e8b465ee728b)  -> (artifact id: '874d4d91eccbf71bac9af397942c5cda') in 0.043771 seconds 
========================================================================
Received Import Request.
  Time since last request: 0.000045 seconds.
  path: Assets/EmaceArt/LowPolyNatureProject - EA04 Tiny Forest Remastered/Textures/EA04_LPNP-TinyForest_Colorsheet_v3.png
  artifactKey: Guid(ec2878ae430a7c24eab58a35bd911f7e) Importer(815301076,1909f56bfc062723c751e8b465ee728b)
Start importing Assets/EmaceArt/LowPolyNatureProject - EA04 Tiny Forest Remastered/Textures/EA04_LPNP-TinyForest_Colorsheet_v3.png using Guid(ec2878ae430a7c24eab58a35bd911f7e) Importer(815301076,1909f56bfc062723c751e8b465ee728b)  -> (artifact id: '494b8dda3213cb910e99f468832c1f21') in 0.018375 seconds 
========================================================================
Received Import Request.
  Time since last request: 4.812426 seconds.
  path: Assets/EmaceArt/LowPolyNatureProject - EA04 Tiny Forest Remastered/Meshes/EA04_Grass_Stick_01a.fbx
  artifactKey: Guid(169b507305ea88a46892f3d3b80c004a) Importer(815301076,1909f56bfc062723c751e8b465ee728b)
Start importing Assets/EmaceArt/LowPolyNatureProject - EA04 Tiny Forest Remastered/Meshes/EA04_Grass_Stick_01a.fbx using Guid(169b507305ea88a46892f3d3b80c004a) Importer(815301076,1909f56bfc062723c751e8b465ee728b)  -> (artifact id: '0b641b6751ba1774e15b67935241b3aa') in 0.022099 seconds 
========================================================================
Received Import Request.
  Time since last request: 0.000020 seconds.
  path: Assets/EmaceArt/LowPolyNatureProject - EA04 Tiny Forest Remastered/Meshes/EA04_Trees_Cuboids_01a.fbx
  artifactKey: Guid(de57fe4cd55999a4db8eec68223ed5cb) Importer(815301076,1909f56bfc062723c751e8b465ee728b)
Start importing Assets/EmaceArt/LowPolyNatureProject - EA04 Tiny Forest Remastered/Meshes/EA04_Trees_Cuboids_01a.fbx using Guid(de57fe4cd55999a4db8eec68223ed5cb) Importer(815301076,1909f56bfc062723c751e8b465ee728b)  -> (artifact id: 'e70af7a3fd331b2192e8a3a845aea53c') in 0.055811 seconds 
========================================================================
Received Import Request.
  Time since last request: 0.000029 seconds.
  path: Assets/EmaceArt/LowPolyNatureProject - EA04 Tiny Forest Remastered/Meshes/EA04_Trees_Tire_01d.fbx
  artifactKey: Guid(3558a1f932a73dc4fabfc06214f0941d) Importer(815301076,1909f56bfc062723c751e8b465ee728b)
Start importing Assets/EmaceArt/LowPolyNatureProject - EA04 Tiny Forest Remastered/Meshes/EA04_Trees_Tire_01d.fbx using Guid(3558a1f932a73dc4fabfc06214f0941d) Importer(815301076,1909f56bfc062723c751e8b465ee728b)  -> (artifact id: '03fb558889bd2f5fb884e316a4876824') in 0.021916 seconds 
========================================================================
Received Import Request.
  Time since last request: 0.518768 seconds.
  path: Assets/EmaceArt/LowPolyNatureProject - EA04 Tiny Forest Remastered/Material/EA04_LPNP-TinyForest_Colorsheet_v1.mat
  artifactKey: Guid(b6a037f85a603854c9f52e5cfd1d6f81) Importer(815301076,1909f56bfc062723c751e8b465ee728b)
Start importing Assets/EmaceArt/LowPolyNatureProject - EA04 Tiny Forest Remastered/Material/EA04_LPNP-TinyForest_Colorsheet_v1.mat using Guid(b6a037f85a603854c9f52e5cfd1d6f81) Importer(815301076,1909f56bfc062723c751e8b465ee728b)  -> (artifact id: 'b84a2a78e6709772b39160b9bf2c0505') in 0.010459 seconds 
========================================================================
Received Import Request.
  Time since last request: 270.010097 seconds.
  path: Assets
  artifactKey: Guid(00000000000000001000000000000000) Importer(815301076,1909f56bfc062723c751e8b465ee728b)
Start importing Assets using Guid(00000000000000001000000000000000) Importer(815301076,1909f56bfc062723c751e8b465ee728b)  -> (artifact id: '79842766b460edbeab6a34051e857a80') in 0.009813 seconds 
========================================================================
Received Import Request.
  Time since last request: 7.175099 seconds.
  path: Assets/Prefabs
  artifactKey: Guid(a18b832b99f1d9040aaf51c2173036eb) Importer(815301076,1909f56bfc062723c751e8b465ee728b)
Start importing Assets/Prefabs using Guid(a18b832b99f1d9040aaf51c2173036eb) Importer(815301076,1909f56bfc062723c751e8b465ee728b)  -> (artifact id: '6dbab17d5e5107baf8388bc5c448de71') in 0.001988 seconds 
========================================================================
Received Import Request.
  Time since last request: 3.288774 seconds.
  path: Assets/Prefabs/Stones.prefab
  artifactKey: Guid(5cef1ae6c799872429102aef87d0130d) Importer(815301076,1909f56bfc062723c751e8b465ee728b)
Start importing Assets/Prefabs/Stones.prefab using Guid(5cef1ae6c799872429102aef87d0130d) Importer(815301076,1909f56bfc062723c751e8b465ee728b)  -> (artifact id: 'cb63b8b240a2ffcdc670228695393308') in 0.018554 seconds 
========================================================================
Received Import Request.
  Time since last request: 5.306545 seconds.
  path: Assets/Prefabs/Mushrooms.prefab
  artifactKey: Guid(c60c4051c6529714cbe592ac3c95061f) Importer(815301076,1909f56bfc062723c751e8b465ee728b)
Start importing Assets/Prefabs/Mushrooms.prefab using Guid(c60c4051c6529714cbe592ac3c95061f) Importer(815301076,1909f56bfc062723c751e8b465ee728b)  -> (artifact id: '48bdbe48bed0315c07cf743c41b81759') in 0.016295 seconds 
========================================================================
Received Import Request.
  Time since last request: 11.429801 seconds.
  path: Assets/Prefabs/Mushrooms (1).prefab
  artifactKey: Guid(557e3047e00c8ff4c9c93367c637a01a) Importer(815301076,1909f56bfc062723c751e8b465ee728b)
Start importing Assets/Prefabs/Mushrooms (1).prefab using Guid(557e3047e00c8ff4c9c93367c637a01a) Importer(815301076,1909f56bfc062723c751e8b465ee728b)  -> (artifact id: '4f8caeac5cd32c321d0f84b053a48ce0') in 0.013427 seconds 
========================================================================
Received Import Request.
  Time since last request: 7.742002 seconds.
  path: Assets/Prefabs/Mushrooms (3).prefab
  artifactKey: Guid(42f56fbe155c21846b772d40d0ce6064) Importer(815301076,1909f56bfc062723c751e8b465ee728b)
Start importing Assets/Prefabs/Mushrooms (3).prefab using Guid(42f56fbe155c21846b772d40d0ce6064) Importer(815301076,1909f56bfc062723c751e8b465ee728b)  -> (artifact id: 'cf9eb64417481dcb9fbd6bfd2edd1c6a') in 0.015407 seconds 
========================================================================
Received Import Request.
  Time since last request: 0.930090 seconds.
  path: Assets/Prefabs/Mushrooms (2).prefab
  artifactKey: Guid(6abc1cd77e75cce46a247e4ec922fca9) Importer(815301076,1909f56bfc062723c751e8b465ee728b)
Start importing Assets/Prefabs/Mushrooms (2).prefab using Guid(6abc1cd77e75cce46a247e4ec922fca9) Importer(815301076,1909f56bfc062723c751e8b465ee728b)  -> (artifact id: '35ac9d93bb7b9bc1031d358a977caa06') in 0.023455 seconds 
========================================================================
Received Import Request.
  Time since last request: 1.266363 seconds.
  path: Assets/Prefabs/Mushrooms (4).prefab
  artifactKey: Guid(dfe8b28840ef11a44b88c805df308710) Importer(815301076,1909f56bfc062723c751e8b465ee728b)
Start importing Assets/Prefabs/Mushrooms (4).prefab using Guid(dfe8b28840ef11a44b88c805df308710) Importer(815301076,1909f56bfc062723c751e8b465ee728b)  -> (artifact id: '4bf0be910349476e52364bad7bffb06d') in 0.017244 seconds 
========================================================================
Received Import Request.
  Time since last request: 0.989078 seconds.
  path: Assets/Prefabs/Mushrooms (5).prefab
  artifactKey: Guid(43b6b0f15f6b2fb448c7f202f13487a8) Importer(815301076,1909f56bfc062723c751e8b465ee728b)
Start importing Assets/Prefabs/Mushrooms (5).prefab using Guid(43b6b0f15f6b2fb448c7f202f13487a8) Importer(815301076,1909f56bfc062723c751e8b465ee728b)  -> (artifact id: 'c6dae9f84bd3db9d784fb417da40ebc5') in 0.015784 seconds 
