Using pre-set license
Built from '2021.3/staging' branch; Version is '2021.3.26f1 (a16dc32e0ff2) revision 10579395'; Using compiler version '192829333'; Build Type 'Release'
OS: 'Windows 11  (10.0.22621) 64bit Core' Language: 'ru' Physical Memory: 16307 MB
BatchMode: 1, IsHumanControllingUs: 0, StartBugReporterOnCrash: 0, Is64bit: 1, IsPro: 1

COMMAND LINE ARGUMENTS:
C:\Program Files\Unity 2021.3.26f1\Editor\Unity.exe
-adb2
-batchMode
-noUpm
-name
AssetImportWorker3
-projectPath
C:/Users/vladi/test task
-logFile
Logs/AssetImportWorker3.log
-srvPort
60803
Successfully changed project path to: C:/Users/vladi/test task
C:/Users/vladi/test task
[UnityMemory] Configuration Parameters - Can be set up in boot.config
    "memorysetup-bucket-allocator-granularity=16"
    "memorysetup-bucket-allocator-bucket-count=8"
    "memorysetup-bucket-allocator-block-size=33554432"
    "memorysetup-bucket-allocator-block-count=8"
    "memorysetup-main-allocator-block-size=16777216"
    "memorysetup-thread-allocator-block-size=16777216"
    "memorysetup-gfx-main-allocator-block-size=16777216"
    "memorysetup-gfx-thread-allocator-block-size=16777216"
    "memorysetup-cache-allocator-block-size=4194304"
    "memorysetup-typetree-allocator-block-size=2097152"
    "memorysetup-profiler-bucket-allocator-granularity=16"
    "memorysetup-profiler-bucket-allocator-bucket-count=8"
    "memorysetup-profiler-bucket-allocator-block-size=33554432"
    "memorysetup-profiler-bucket-allocator-block-count=8"
    "memorysetup-profiler-allocator-block-size=16777216"
    "memorysetup-profiler-editor-allocator-block-size=1048576"
    "memorysetup-temp-allocator-size-main=16777216"
    "memorysetup-job-temp-allocator-block-size=2097152"
    "memorysetup-job-temp-allocator-block-size-background=1048576"
    "memorysetup-job-temp-allocator-reduction-small-platforms=262144"
    "memorysetup-temp-allocator-size-background-worker=32768"
    "memorysetup-temp-allocator-size-job-worker=262144"
    "memorysetup-temp-allocator-size-preload-manager=33554432"
    "memorysetup-temp-allocator-size-nav-mesh-worker=65536"
    "memorysetup-temp-allocator-size-audio-worker=65536"
    "memorysetup-temp-allocator-size-cloud-worker=32768"
    "memorysetup-temp-allocator-size-gi-baking-worker=262144"
    "memorysetup-temp-allocator-size-gfx=262144"
Player connection [17176] Host "[IP] 192.168.1.243 [Port] 0 [Flags] 2 [Guid] 3348148902 [EditorId] 3348148902 [Version] 1048832 [Id] WindowsEditor(7,Vladimir) [Debug] 1 [PackageName] WindowsEditor [ProjectName] Editor" joined multi-casting on [225.0.0.222:54997]...

Player connection [17176] Host "[IP] 192.168.1.243 [Port] 0 [Flags] 2 [Guid] 3348148902 [EditorId] 3348148902 [Version] 1048832 [Id] WindowsEditor(7,Vladimir) [Debug] 1 [PackageName] WindowsEditor [ProjectName] Editor" joined alternative multi-casting on [225.0.0.222:34997]...

Refreshing native plugins compatible for Editor in 76.32 ms, found 3 plugins.
Preloading 0 native plugins for Editor in 0.00 ms.
Initialize engine version: 2021.3.26f1 (a16dc32e0ff2)
[Subsystems] Discovering subsystems at path C:/Program Files/Unity 2021.3.26f1/Editor/Data/Resources/UnitySubsystems
[Subsystems] Discovering subsystems at path C:/Users/vladi/test task/Assets
GfxDevice: creating device client; threaded=0; jobified=0
Direct3D:
    Version:  Direct3D 11.0 [level 11.1]
    Renderer: NVIDIA GeForce RTX 3070 (ID=0x2484)
    Vendor:   NVIDIA
    VRAM:     8031 MB
    Driver:   31.0.15.3742
Initialize mono
Mono path[0] = 'C:/Program Files/Unity 2021.3.26f1/Editor/Data/Managed'
Mono path[1] = 'C:/Program Files/Unity 2021.3.26f1/Editor/Data/MonoBleedingEdge/lib/mono/unityjit-win32'
Mono config path = 'C:/Program Files/Unity 2021.3.26f1/Editor/Data/MonoBleedingEdge/etc'
Using monoOptions --debugger-agent=transport=dt_socket,embedding=1,server=y,suspend=n,address=127.0.0.1:56380
Begin MonoManager ReloadAssembly
Registering precompiled unity dll's ...
Register platform support module: C:/Program Files/Unity 2021.3.26f1/Editor/Data/PlaybackEngines/WindowsStandaloneSupport/UnityEditor.WindowsStandalone.Extensions.dll
Registered in 0.003781 seconds.
Native extension for WindowsStandalone target not found
Refreshing native plugins compatible for Editor in 67.72 ms, found 3 plugins.
Preloading 0 native plugins for Editor in 0.00 ms.
Mono: successfully reloaded assembly
- Completed reload, in  0.572 seconds
Domain Reload Profiling:
	ReloadAssembly (572ms)
		BeginReloadAssembly (86ms)
			ExecutionOrderSort (0ms)
			DisableScriptedObjects (0ms)
			BackupInstance (0ms)
			ReleaseScriptingObjects (0ms)
			CreateAndSetChildDomain (1ms)
		EndReloadAssembly (399ms)
			LoadAssemblies (83ms)
			RebuildTransferFunctionScriptingTraits (0ms)
			SetupTypeCache (91ms)
			ReleaseScriptCaches (0ms)
			RebuildScriptCaches (28ms)
			SetupLoadedEditorAssemblies (233ms)
				LogAssemblyErrors (0ms)
				InitializePlatformSupportModulesInManaged (7ms)
				SetLoadedEditorAssemblies (0ms)
				RefreshPlugins (68ms)
				BeforeProcessingInitializeOnLoad (1ms)
				ProcessInitializeOnLoadAttributes (115ms)
				ProcessInitializeOnLoadMethodAttributes (42ms)
				AfterProcessingInitializeOnLoad (0ms)
				EditorAssembliesLoaded (0ms)
			ExecutionOrderSort2 (0ms)
			AwakeInstancesAfterBackupRestoration (0ms)
Platform modules already initialized, skipping
Registering precompiled user dll's ...
Registered in 0.004725 seconds.
Begin MonoManager ReloadAssembly
Symbol file LoadedFromMemory doesn't match image C:\Users\vladi\test task\Library\PackageCache\com.unity.visualscripting@1.8.0\Editor\VisualScripting.Core\Dependencies\YamlDotNet\Unity.VisualScripting.YamlDotNet.dll
Symbol file LoadedFromMemory doesn't match image C:\Users\vladi\test task\Library\PackageCache\com.unity.visualscripting@1.8.0\Editor\VisualScripting.Core\Dependencies\DotNetZip\Unity.VisualScripting.IonicZip.dll
Native extension for WindowsStandalone target not found
Refreshing native plugins compatible for Editor in 0.54 ms, found 3 plugins.
Preloading 0 native plugins for Editor in 0.00 ms.
Mono: successfully reloaded assembly
- Completed reload, in  0.881 seconds
Domain Reload Profiling:
	ReloadAssembly (882ms)
		BeginReloadAssembly (106ms)
			ExecutionOrderSort (0ms)
			DisableScriptedObjects (6ms)
			BackupInstance (0ms)
			ReleaseScriptingObjects (0ms)
			CreateAndSetChildDomain (17ms)
		EndReloadAssembly (679ms)
			LoadAssemblies (74ms)
			RebuildTransferFunctionScriptingTraits (0ms)
			SetupTypeCache (226ms)
			ReleaseScriptCaches (1ms)
			RebuildScriptCaches (48ms)
			SetupLoadedEditorAssemblies (303ms)
				LogAssemblyErrors (0ms)
				InitializePlatformSupportModulesInManaged (4ms)
				SetLoadedEditorAssemblies (0ms)
				RefreshPlugins (1ms)
				BeforeProcessingInitializeOnLoad (70ms)
				ProcessInitializeOnLoadAttributes (204ms)
				ProcessInitializeOnLoadMethodAttributes (17ms)
				AfterProcessingInitializeOnLoad (6ms)
				EditorAssembliesLoaded (0ms)
			ExecutionOrderSort2 (0ms)
			AwakeInstancesAfterBackupRestoration (5ms)
Platform modules already initialized, skipping
========================================================================
Worker process is ready to serve import requests
Launched and connected shader compiler UnityShaderCompiler.exe after 0.06 seconds
Refreshing native plugins compatible for Editor in 0.53 ms, found 3 plugins.
Preloading 0 native plugins for Editor in 0.00 ms.
Unloading 3051 Unused Serialized files (Serialized files now loaded: 0)
Unloading 22 unused Assets / (56.1 KB). Loaded Objects now: 3513.
Memory consumption went from 108.3 MB to 108.2 MB.
Total: 2.609800 ms (FindLiveObjects: 0.220000 ms CreateObjectMapping: 0.079500 ms MarkObjects: 2.225200 ms  DeleteObjects: 0.084400 ms)

AssetImportParameters requested are different than current active one (requested -> active):
  custom:video-decoder-ogg-theora: a1e56fd34408186e4bbccfd4996cb3dc -> 
  custom:container-muxer-webm: aa71ff27fc2769a1b78a27578f13a17b -> 
  custom:container-demuxer-webm: 4f35f7cbe854078d1ac9338744f61a02 -> 
  custom:video-encoder-webm-vp8: eb34c28f22e8b96e1ab97ce403110664 -> 
  custom:video-codec-MediaFoundation-h265: 746d11721c4dcdbdad8f713fa42b33f4 -> 
  custom:audio-encoder-webm-vorbis: bf7c407c2cedff20999df2af8eb42d56 -> 
  custom:framework-win-MediaFoundation: 216162199b28c13a410421893ffa2e32 -> 
  custom:container-demuxer-ogg: 62fdf1f143b41e24485cea50d1cbac27 -> 
  custom:video-decoder-webm-vp8: 9c59270c3fd7afecdb556c50c9e8de78 -> 
  custom:audio-decoder-ogg-vorbis: bf7c407c2cedff20999df2af8eb42d56 -> 
========================================================================
Received Import Request.
  Time since last request: 519557.479256 seconds.
  path: Assets/EmaceArt_LavaPlant/Prefabs/EA_Clif_01b_Default.prefab
  artifactKey: Guid(d68da814d53d5a842a743c1699c6617c) Importer(815301076,1909f56bfc062723c751e8b465ee728b)
Start importing Assets/EmaceArt_LavaPlant/Prefabs/EA_Clif_01b_Default.prefab using Guid(d68da814d53d5a842a743c1699c6617c) Importer(815301076,1909f56bfc062723c751e8b465ee728b)  -> (artifact id: '428da3bbb272ccde14e3218e0a955805') in 0.148904 seconds 
========================================================================
Received Import Request.
  Time since last request: 0.000023 seconds.
  path: Assets/EmaceArt_LavaPlant/Prefabs/EA_Plant_01a_Default.prefab
  artifactKey: Guid(f7968a2e493ab01448ea52078fa8a896) Importer(815301076,1909f56bfc062723c751e8b465ee728b)
Start importing Assets/EmaceArt_LavaPlant/Prefabs/EA_Plant_01a_Default.prefab using Guid(f7968a2e493ab01448ea52078fa8a896) Importer(815301076,1909f56bfc062723c751e8b465ee728b)  -> (artifact id: 'da36e7e12f55d92d24830355fd4e816e') in 0.015616 seconds 
========================================================================
Received Import Request.
  Time since last request: 0.000034 seconds.
  path: Assets/EmaceArt_LavaPlant/Prefabs/EA_Plant_01e_Default.prefab
  artifactKey: Guid(88a6c31095668d046b2d8f8c8101c845) Importer(815301076,1909f56bfc062723c751e8b465ee728b)
Start importing Assets/EmaceArt_LavaPlant/Prefabs/EA_Plant_01e_Default.prefab using Guid(88a6c31095668d046b2d8f8c8101c845) Importer(815301076,1909f56bfc062723c751e8b465ee728b)  -> (artifact id: '1945819dadc31e3e98720b77a367506a') in 0.108500 seconds 
========================================================================
Received Import Request.
  Time since last request: 0.000017 seconds.
  path: Assets/EmaceArt_LavaPlant/Prefabs/EA_Clif_01c_Default.prefab
  artifactKey: Guid(27c3faa0d10c39742aab8ab802a5dd37) Importer(815301076,1909f56bfc062723c751e8b465ee728b)
Start importing Assets/EmaceArt_LavaPlant/Prefabs/EA_Clif_01c_Default.prefab using Guid(27c3faa0d10c39742aab8ab802a5dd37) Importer(815301076,1909f56bfc062723c751e8b465ee728b)  -> (artifact id: '813ff38b56dca10b00480f955fff7130') in 0.015064 seconds 
========================================================================
Received Import Request.
  Time since last request: 0.906577 seconds.
  path: Assets/EmaceArt_LavaPlant/Prefabs/EA_Puddle_01c_Default.prefab
  artifactKey: Guid(6a4bb2590ab0fe4499450223b402a8a4) Importer(815301076,1909f56bfc062723c751e8b465ee728b)
Start importing Assets/EmaceArt_LavaPlant/Prefabs/EA_Puddle_01c_Default.prefab using Guid(6a4bb2590ab0fe4499450223b402a8a4) Importer(815301076,1909f56bfc062723c751e8b465ee728b)  -> (artifact id: '6b06e3416587b01526f576ff779da270') in 0.013344 seconds 
========================================================================
Received Import Request.
  Time since last request: 0.250632 seconds.
  path: Assets/EmaceArt_LavaPlant/Prefabs/Rocks_01a_Default.prefab
  artifactKey: Guid(2f4bc0193724cd943921d722c237e387) Importer(815301076,1909f56bfc062723c751e8b465ee728b)
Start importing Assets/EmaceArt_LavaPlant/Prefabs/Rocks_01a_Default.prefab using Guid(2f4bc0193724cd943921d722c237e387) Importer(815301076,1909f56bfc062723c751e8b465ee728b)  -> (artifact id: '613dde445a76f0faf37d66df5aaba188') in 0.014538 seconds 
========================================================================
Received Import Request.
  Time since last request: 0.104048 seconds.
  path: Assets/EmaceArt_LavaPlant/Prefabs/Rocks_01c_Default.prefab
  artifactKey: Guid(171d553dcae56124aa6a1ec1fdb8854f) Importer(815301076,1909f56bfc062723c751e8b465ee728b)
Start importing Assets/EmaceArt_LavaPlant/Prefabs/Rocks_01c_Default.prefab using Guid(171d553dcae56124aa6a1ec1fdb8854f) Importer(815301076,1909f56bfc062723c751e8b465ee728b)  -> (artifact id: '1848b80ba58365fe43b588ed028edf4f') in 0.015100 seconds 
========================================================================
Received Import Request.
  Time since last request: 56.533596 seconds.
  path: Assets/Low Poly Environment Starter Kit/Source/Material/HDRP/Grass.mat
  artifactKey: Guid(8c43d44bb1d8a51469c748f817d7aa68) Importer(815301076,1909f56bfc062723c751e8b465ee728b)
Start importing Assets/Low Poly Environment Starter Kit/Source/Material/HDRP/Grass.mat using Guid(8c43d44bb1d8a51469c748f817d7aa68) Importer(815301076,1909f56bfc062723c751e8b465ee728b)  -> (artifact id: 'bddc68fcbca5c91683773571f1d071ab') in 0.024737 seconds 
========================================================================
Received Import Request.
  Time since last request: 0.000054 seconds.
  path: Assets/Low Poly Environment Starter Kit/Source/Material/HDRP/Snow.mat
  artifactKey: Guid(8b513525ad0aeaf4e8cb7735e49a2cf9) Importer(815301076,1909f56bfc062723c751e8b465ee728b)
Start importing Assets/Low Poly Environment Starter Kit/Source/Material/HDRP/Snow.mat using Guid(8b513525ad0aeaf4e8cb7735e49a2cf9) Importer(815301076,1909f56bfc062723c751e8b465ee728b)  -> (artifact id: '3c98447d1f647483ebdfd992659370c0') in 0.028113 seconds 
========================================================================
Received Import Request.
  Time since last request: 0.000026 seconds.
  path: Assets/Low Poly Environment Starter Kit/Source/Material/HDRP/Leaves 2.mat
  artifactKey: Guid(28195f6f4f5ca414dbf3f5b4cbe1ebc3) Importer(815301076,1909f56bfc062723c751e8b465ee728b)
Start importing Assets/Low Poly Environment Starter Kit/Source/Material/HDRP/Leaves 2.mat using Guid(28195f6f4f5ca414dbf3f5b4cbe1ebc3) Importer(815301076,1909f56bfc062723c751e8b465ee728b)  -> (artifact id: 'f539a02428393701daf431a91b46b4da') in 0.012708 seconds 
========================================================================
Received Import Request.
  Time since last request: 0.000015 seconds.
  path: Assets/Low Poly Environment Starter Kit/Source/Material/HDRP/Stone.mat
  artifactKey: Guid(5bbf13b673d0e894ca47392e0a4d3342) Importer(815301076,1909f56bfc062723c751e8b465ee728b)
Start importing Assets/Low Poly Environment Starter Kit/Source/Material/HDRP/Stone.mat using Guid(5bbf13b673d0e894ca47392e0a4d3342) Importer(815301076,1909f56bfc062723c751e8b465ee728b)  -> (artifact id: '27536f4b9f3587539b10557a6fa3ce92') in 0.013126 seconds 
========================================================================
Received Import Request.
  Time since last request: 0.000018 seconds.
  path: Assets/Low Poly Environment Starter Kit/Source/Material/HDRP/Tree Bark.mat
  artifactKey: Guid(9cbb8b7d619d1ee40a97659fa5719df7) Importer(815301076,1909f56bfc062723c751e8b465ee728b)
Start importing Assets/Low Poly Environment Starter Kit/Source/Material/HDRP/Tree Bark.mat using Guid(9cbb8b7d619d1ee40a97659fa5719df7) Importer(815301076,1909f56bfc062723c751e8b465ee728b)  -> (artifact id: '67e953d7777d995a421cf6d1edd3a148') in 0.013839 seconds 
========================================================================
Received Import Request.
  Time since last request: 0.000026 seconds.
  path: Assets/Low Poly Environment Starter Kit/Source/Material/HDRP/Water Material.mat
  artifactKey: Guid(eb8eeeb56dbc7d34f9708b9545d6d83a) Importer(815301076,1909f56bfc062723c751e8b465ee728b)
Start importing Assets/Low Poly Environment Starter Kit/Source/Material/HDRP/Water Material.mat using Guid(eb8eeeb56dbc7d34f9708b9545d6d83a) Importer(815301076,1909f56bfc062723c751e8b465ee728b)  -> (artifact id: 'b07db0dff2c589ac4ccd0ff479d1ca9d') in 0.013354 seconds 
========================================================================
Received Import Request.
  Time since last request: 0.106114 seconds.
  path: Assets/Low Poly Environment Starter Kit/Source/Material/Standard/Grass.mat
  artifactKey: Guid(b8a28887cdc261940beb9dde5135f816) Importer(815301076,1909f56bfc062723c751e8b465ee728b)
Start importing Assets/Low Poly Environment Starter Kit/Source/Material/Standard/Grass.mat using Guid(b8a28887cdc261940beb9dde5135f816) Importer(815301076,1909f56bfc062723c751e8b465ee728b)  -> (artifact id: '9bf846f980c1eb73789c58280f08d057') in 0.011008 seconds 
========================================================================
Received Import Request.
  Time since last request: 0.000021 seconds.
  path: Assets/Low Poly Environment Starter Kit/Source/Material/Standard/Tree Bark.mat
  artifactKey: Guid(e747e5a42b992c840a261a170693a4a5) Importer(815301076,1909f56bfc062723c751e8b465ee728b)
Start importing Assets/Low Poly Environment Starter Kit/Source/Material/Standard/Tree Bark.mat using Guid(e747e5a42b992c840a261a170693a4a5) Importer(815301076,1909f56bfc062723c751e8b465ee728b)  -> (artifact id: 'e59980c27c9f356b4e49be09adf8bbc0') in 0.012630 seconds 
========================================================================
Received Import Request.
  Time since last request: 0.000025 seconds.
  path: Assets/Low Poly Environment Starter Kit/Source/Material/Standard/Leaves 2.mat
  artifactKey: Guid(3e69a93b6bb7e4140a1b8d6763e44ce5) Importer(815301076,1909f56bfc062723c751e8b465ee728b)
Start importing Assets/Low Poly Environment Starter Kit/Source/Material/Standard/Leaves 2.mat using Guid(3e69a93b6bb7e4140a1b8d6763e44ce5) Importer(815301076,1909f56bfc062723c751e8b465ee728b)  -> (artifact id: '48102691f769a6ef6442f990aee8d812') in 0.011685 seconds 
========================================================================
Received Import Request.
  Time since last request: 0.000019 seconds.
  path: Assets/Low Poly Environment Starter Kit/Source/Material/Standard/Pine Bark.mat
  artifactKey: Guid(1c15e3838f2318a4cb718a202311deab) Importer(815301076,1909f56bfc062723c751e8b465ee728b)
Start importing Assets/Low Poly Environment Starter Kit/Source/Material/Standard/Pine Bark.mat using Guid(1c15e3838f2318a4cb718a202311deab) Importer(815301076,1909f56bfc062723c751e8b465ee728b)  -> (artifact id: '6a56075f3e7665011ffd37a3eb2d1a33') in 0.018059 seconds 
========================================================================
Received Import Request.
  Time since last request: 2.725110 seconds.
  path: Assets/Low Poly Environment Starter Kit/Source/Textues/Tree.png
  artifactKey: Guid(be15d4350beb6b340b79ccfc2f828102) Importer(815301076,1909f56bfc062723c751e8b465ee728b)
Start importing Assets/Low Poly Environment Starter Kit/Source/Textues/Tree.png using Guid(be15d4350beb6b340b79ccfc2f828102) Importer(815301076,1909f56bfc062723c751e8b465ee728b)  -> (artifact id: 'fc367ec79bb5c6e4f2c063bf8a64c8b6') in 0.080028 seconds 
========================================================================
Received Import Request.
  Time since last request: 4.263314 seconds.
  path: Assets/Low Poly Environment Starter Kit/Source/Meshes/Terrains/Forest.fbx
  artifactKey: Guid(01c0c0adccfa37a48be659a583b9ef1c) Importer(815301076,1909f56bfc062723c751e8b465ee728b)
Start importing Assets/Low Poly Environment Starter Kit/Source/Meshes/Terrains/Forest.fbx using Guid(01c0c0adccfa37a48be659a583b9ef1c) Importer(815301076,1909f56bfc062723c751e8b465ee728b)  -> (artifact id: '73b48ac1acff4ec751aeb7013b7672c0') in 0.087842 seconds 
========================================================================
Received Import Request.
  Time since last request: 0.000038 seconds.
  path: Assets/Low Poly Environment Starter Kit/Source/Meshes/Terrains/Mountain_3.fbx
  artifactKey: Guid(b547fabffb612b54cbcd362679c24771) Importer(815301076,1909f56bfc062723c751e8b465ee728b)
Start importing Assets/Low Poly Environment Starter Kit/Source/Meshes/Terrains/Mountain_3.fbx using Guid(b547fabffb612b54cbcd362679c24771) Importer(815301076,1909f56bfc062723c751e8b465ee728b)  -> (artifact id: '92e90b0702e596e85847dd361ca57bab') in 0.017325 seconds 
========================================================================
Received Import Request.
  Time since last request: 6.264257 seconds.
  path: Assets/Low Poly Environment Starter Kit/Source/Meshes/Trees/Pine3.fbx
  artifactKey: Guid(24aed17ebf0551f45b2468cfa926d28a) Importer(815301076,1909f56bfc062723c751e8b465ee728b)
Start importing Assets/Low Poly Environment Starter Kit/Source/Meshes/Trees/Pine3.fbx using Guid(24aed17ebf0551f45b2468cfa926d28a) Importer(815301076,1909f56bfc062723c751e8b465ee728b)  -> (artifact id: '5be79ede367882c409bbe3cad1f3e4a1') in 0.034009 seconds 
========================================================================
Received Import Request.
  Time since last request: 0.000019 seconds.
  path: Assets/Low Poly Environment Starter Kit/Source/Meshes/Trees/Pine6.fbx
  artifactKey: Guid(8fb9f4e3c4f2736489112026a5f0edbe) Importer(815301076,1909f56bfc062723c751e8b465ee728b)
Start importing Assets/Low Poly Environment Starter Kit/Source/Meshes/Trees/Pine6.fbx using Guid(8fb9f4e3c4f2736489112026a5f0edbe) Importer(815301076,1909f56bfc062723c751e8b465ee728b)  -> (artifact id: '143a1dfa2b9548ce2e9893a6875e82c8') in 0.035053 seconds 
========================================================================
Received Import Request.
  Time since last request: 0.000023 seconds.
  path: Assets/Low Poly Environment Starter Kit/Source/Meshes/Trees/Tree_5.fbx
  artifactKey: Guid(5d172ee9189e769499eb81eed79675a4) Importer(815301076,1909f56bfc062723c751e8b465ee728b)
Start importing Assets/Low Poly Environment Starter Kit/Source/Meshes/Trees/Tree_5.fbx using Guid(5d172ee9189e769499eb81eed79675a4) Importer(815301076,1909f56bfc062723c751e8b465ee728b)  -> (artifact id: 'b6fbd3b5ccaeaf0e5cfcb3621b62cbcd') in 0.044568 seconds 
========================================================================
Received Import Request.
  Time since last request: 0.000036 seconds.
  path: Assets/Low Poly Environment Starter Kit/Source/Meshes/Trees/Tree_6.fbx
  artifactKey: Guid(e5daf289bed4a034faa5f437565784f1) Importer(815301076,1909f56bfc062723c751e8b465ee728b)
Start importing Assets/Low Poly Environment Starter Kit/Source/Meshes/Trees/Tree_6.fbx using Guid(e5daf289bed4a034faa5f437565784f1) Importer(815301076,1909f56bfc062723c751e8b465ee728b)  -> (artifact id: '2534ac505967f49c9f6dedd2618aba60') in 0.041800 seconds 
========================================================================
Received Import Request.
  Time since last request: 0.000018 seconds.
  path: Assets/Low Poly Environment Starter Kit/Source/Meshes/Trees/Pine4.fbx
  artifactKey: Guid(ffdddb468ae8cbb4eb2af2865d16caf9) Importer(815301076,1909f56bfc062723c751e8b465ee728b)
Start importing Assets/Low Poly Environment Starter Kit/Source/Meshes/Trees/Pine4.fbx using Guid(ffdddb468ae8cbb4eb2af2865d16caf9) Importer(815301076,1909f56bfc062723c751e8b465ee728b)  -> (artifact id: '558b8987a93c7dfe5592199e7f08bcb9') in 0.038839 seconds 
========================================================================
Received Import Request.
  Time since last request: 7.637860 seconds.
  path: Assets/WoodsLifestyle/Prefabs/Cabins/Cabin_03.prefab
  artifactKey: Guid(a611ef0d3e2e6bd4d8d7aa5deeedec15) Importer(815301076,1909f56bfc062723c751e8b465ee728b)
Start importing Assets/WoodsLifestyle/Prefabs/Cabins/Cabin_03.prefab using Guid(a611ef0d3e2e6bd4d8d7aa5deeedec15) Importer(815301076,1909f56bfc062723c751e8b465ee728b)  -> (artifact id: '8d19fa08a45975be2bb605619ce831fd') in 0.023376 seconds 
========================================================================
Received Import Request.
  Time since last request: 35.255547 seconds.
  path: Assets/WoodsLifestyle/Prefabs/Miscellaneous/LogStand_01.prefab
  artifactKey: Guid(36bf28885c1f8d14f8ffeee2151e5048) Importer(815301076,1909f56bfc062723c751e8b465ee728b)
Start importing Assets/WoodsLifestyle/Prefabs/Miscellaneous/LogStand_01.prefab using Guid(36bf28885c1f8d14f8ffeee2151e5048) Importer(815301076,1909f56bfc062723c751e8b465ee728b)  -> (artifact id: '17257c553b249894941f974b21e123ab') in 0.020134 seconds 
========================================================================
Received Import Request.
  Time since last request: 57.273842 seconds.
  path: Assets/WoodsLifestyle/Prefabs/Buildings/WaterTower_03.prefab
  artifactKey: Guid(eaf1593903b058f4b8c4ad1854f67bb4) Importer(815301076,1909f56bfc062723c751e8b465ee728b)
Start importing Assets/WoodsLifestyle/Prefabs/Buildings/WaterTower_03.prefab using Guid(eaf1593903b058f4b8c4ad1854f67bb4) Importer(815301076,1909f56bfc062723c751e8b465ee728b)  -> (artifact id: '812e313b820d7bb37ddb918e99e4baf0') in 0.018974 seconds 
========================================================================
Received Import Request.
  Time since last request: 39.439421 seconds.
  path: Assets/WoodsLifestyle/Models/Boards/Board_01_b.fbx
  artifactKey: Guid(9e0a64f563f78524885779fff3ae64b2) Importer(815301076,1909f56bfc062723c751e8b465ee728b)
Start importing Assets/WoodsLifestyle/Models/Boards/Board_01_b.fbx using Guid(9e0a64f563f78524885779fff3ae64b2) Importer(815301076,1909f56bfc062723c751e8b465ee728b)  -> (artifact id: '899981e74b415bcd85d7c2e859ebe342') in 0.019056 seconds 
========================================================================
Received Import Request.
  Time since last request: 0.000019 seconds.
  path: Assets/WoodsLifestyle/Models/Boards/Board_01_b002.fbx
  artifactKey: Guid(bba3fb8f0e1708845bbeb5b021243e98) Importer(815301076,1909f56bfc062723c751e8b465ee728b)
Start importing Assets/WoodsLifestyle/Models/Boards/Board_01_b002.fbx using Guid(bba3fb8f0e1708845bbeb5b021243e98) Importer(815301076,1909f56bfc062723c751e8b465ee728b)  -> (artifact id: 'c30263e7d47172a916c63b0006238cb7') in 0.020003 seconds 
========================================================================
Received Import Request.
  Time since last request: 0.000032 seconds.
  path: Assets/WoodsLifestyle/Models/Boards/Palnk_02_a.fbx
  artifactKey: Guid(9e6b77ca61daa8f4ea9c8a7e2122c887) Importer(815301076,1909f56bfc062723c751e8b465ee728b)
Start importing Assets/WoodsLifestyle/Models/Boards/Palnk_02_a.fbx using Guid(9e6b77ca61daa8f4ea9c8a7e2122c887) Importer(815301076,1909f56bfc062723c751e8b465ee728b)  -> (artifact id: '0cc6350392f645513cf7fe49ad792c47') in 0.024750 seconds 
========================================================================
Received Import Request.
  Time since last request: 0.000017 seconds.
  path: Assets/WoodsLifestyle/Models/Boards/Palnk_02_a002.fbx
  artifactKey: Guid(60e913bb49bf6c649aad83aad37bafbd) Importer(815301076,1909f56bfc062723c751e8b465ee728b)
Start importing Assets/WoodsLifestyle/Models/Boards/Palnk_02_a002.fbx using Guid(60e913bb49bf6c649aad83aad37bafbd) Importer(815301076,1909f56bfc062723c751e8b465ee728b)  -> (artifact id: 'e645955c326c93a60475fcbb5ee55dab') in 0.016719 seconds 
========================================================================
Received Import Request.
  Time since last request: 5.974205 seconds.
  path: Assets/WoodsLifestyle/Models/Buildings/Bridge_03.fbx
  artifactKey: Guid(a57165298a0a78940ac61ef2b71d8e2c) Importer(815301076,1909f56bfc062723c751e8b465ee728b)
Start importing Assets/WoodsLifestyle/Models/Buildings/Bridge_03.fbx using Guid(a57165298a0a78940ac61ef2b71d8e2c) Importer(815301076,1909f56bfc062723c751e8b465ee728b)  -> (artifact id: '85f152b6a64c525f1d66ac0cc03f6069') in 0.024823 seconds 
========================================================================
Received Import Request.
  Time since last request: 0.000017 seconds.
  path: Assets/WoodsLifestyle/Models/Buildings/Swing_01.fbx
  artifactKey: Guid(8d60407cc3e387d4fb96fc10c425e24d) Importer(815301076,1909f56bfc062723c751e8b465ee728b)
Start importing Assets/WoodsLifestyle/Models/Buildings/Swing_01.fbx using Guid(8d60407cc3e387d4fb96fc10c425e24d) Importer(815301076,1909f56bfc062723c751e8b465ee728b)  -> (artifact id: '7560d4598f818ac85eafbc4470266afa') in 0.025971 seconds 
========================================================================
Received Import Request.
  Time since last request: 0.000015 seconds.
  path: Assets/WoodsLifestyle/Models/Buildings/Shed_01.fbx
  artifactKey: Guid(5efcd5d9e2e5ba14d944b6c2d5280f04) Importer(815301076,1909f56bfc062723c751e8b465ee728b)
Start importing Assets/WoodsLifestyle/Models/Buildings/Shed_01.fbx using Guid(5efcd5d9e2e5ba14d944b6c2d5280f04) Importer(815301076,1909f56bfc062723c751e8b465ee728b)  -> (artifact id: '5c6b0358cfa79ccbbe35889a681a20e5') in 0.022440 seconds 
========================================================================
Received Import Request.
  Time since last request: 3.858809 seconds.
  path: Assets/WoodsLifestyle/Models/Cabins/Doors/Door_03.fbx
  artifactKey: Guid(67ababcb254a27544be3c01ffc068262) Importer(815301076,1909f56bfc062723c751e8b465ee728b)
Start importing Assets/WoodsLifestyle/Models/Cabins/Doors/Door_03.fbx using Guid(67ababcb254a27544be3c01ffc068262) Importer(815301076,1909f56bfc062723c751e8b465ee728b)  -> (artifact id: '9b4cc17635ea82e5cb32de7066e23d93') in 0.023777 seconds 
========================================================================
Received Import Request.
  Time since last request: 0.000016 seconds.
  path: Assets/WoodsLifestyle/Models/Cabins/Doors/Door_04.fbx
  artifactKey: Guid(554fcdd2aa4a70142a1d276d63812a08) Importer(815301076,1909f56bfc062723c751e8b465ee728b)
Start importing Assets/WoodsLifestyle/Models/Cabins/Doors/Door_04.fbx using Guid(554fcdd2aa4a70142a1d276d63812a08) Importer(815301076,1909f56bfc062723c751e8b465ee728b)  -> (artifact id: 'f24520c8ad3c329b722ef06d3a49b92f') in 0.037695 seconds 
========================================================================
Received Import Request.
  Time since last request: 0.356193 seconds.
  path: Assets/WoodsLifestyle/Models/Cabins/Floors/Floor_01_b.fbx
  artifactKey: Guid(184bbd7a4e6a13b49bba4bb0bb8b64b3) Importer(815301076,1909f56bfc062723c751e8b465ee728b)
Start importing Assets/WoodsLifestyle/Models/Cabins/Floors/Floor_01_b.fbx using Guid(184bbd7a4e6a13b49bba4bb0bb8b64b3) Importer(815301076,1909f56bfc062723c751e8b465ee728b)  -> (artifact id: '83a50c548357fe332aa7d59b206f5f44') in 0.015168 seconds 
========================================================================
Received Import Request.
  Time since last request: 0.000020 seconds.
  path: Assets/WoodsLifestyle/Models/Cabins/Floors/Floor_01_c.fbx
  artifactKey: Guid(28555845e8f335e4daa57a5e4a9fe897) Importer(815301076,1909f56bfc062723c751e8b465ee728b)
Start importing Assets/WoodsLifestyle/Models/Cabins/Floors/Floor_01_c.fbx using Guid(28555845e8f335e4daa57a5e4a9fe897) Importer(815301076,1909f56bfc062723c751e8b465ee728b)  -> (artifact id: '7103396397207b9658331b33e4948f0d') in 0.016082 seconds 
========================================================================
Received Import Request.
  Time since last request: 0.493601 seconds.
  path: Assets/WoodsLifestyle/Models/Cabins/Roofs/Roof_01_b.fbx
  artifactKey: Guid(5b8ca27d42df5dd4cbabf59f45cf8774) Importer(815301076,1909f56bfc062723c751e8b465ee728b)
Start importing Assets/WoodsLifestyle/Models/Cabins/Roofs/Roof_01_b.fbx using Guid(5b8ca27d42df5dd4cbabf59f45cf8774) Importer(815301076,1909f56bfc062723c751e8b465ee728b)  -> (artifact id: '96a86ef1c54360283f3925a942a46edd') in 0.017984 seconds 
========================================================================
Received Import Request.
  Time since last request: 0.480820 seconds.
  path: Assets/WoodsLifestyle/Models/Cabins/Walls/Wall_Narrow_01_c.fbx
  artifactKey: Guid(b9f6a13223e5a8c429b2359c3e591c86) Importer(815301076,1909f56bfc062723c751e8b465ee728b)
Start importing Assets/WoodsLifestyle/Models/Cabins/Walls/Wall_Narrow_01_c.fbx using Guid(b9f6a13223e5a8c429b2359c3e591c86) Importer(815301076,1909f56bfc062723c751e8b465ee728b)  -> (artifact id: '06c2759865beb9a047081b0508fba9f8') in 0.015894 seconds 
========================================================================
Received Import Request.
  Time since last request: 0.000014 seconds.
  path: Assets/WoodsLifestyle/Models/Cabins/Walls/Wall_Narrow_02_b.fbx
  artifactKey: Guid(a7caf4189f37a364685fcd11766cd654) Importer(815301076,1909f56bfc062723c751e8b465ee728b)
Start importing Assets/WoodsLifestyle/Models/Cabins/Walls/Wall_Narrow_02_b.fbx using Guid(a7caf4189f37a364685fcd11766cd654) Importer(815301076,1909f56bfc062723c751e8b465ee728b)  -> (artifact id: '5af048b367d1d7d687c883dcda420d24') in 0.019551 seconds 
========================================================================
Received Import Request.
  Time since last request: 0.000015 seconds.
  path: Assets/WoodsLifestyle/Models/Cabins/Walls/Wall_Wide_02_a.fbx
  artifactKey: Guid(3fb5028740aea044caab166b7cef0df5) Importer(815301076,1909f56bfc062723c751e8b465ee728b)
Start importing Assets/WoodsLifestyle/Models/Cabins/Walls/Wall_Wide_02_a.fbx using Guid(3fb5028740aea044caab166b7cef0df5) Importer(815301076,1909f56bfc062723c751e8b465ee728b)  -> (artifact id: '7645b07d1ef2baa4731a7d7fb737ee9b') in 0.020150 seconds 
========================================================================
Received Import Request.
  Time since last request: 0.000021 seconds.
  path: Assets/WoodsLifestyle/Models/Cabins/Walls/Wall_Wide_01_a.fbx
  artifactKey: Guid(3c96dad9b398e8644bbff2740043bfec) Importer(815301076,1909f56bfc062723c751e8b465ee728b)
Start importing Assets/WoodsLifestyle/Models/Cabins/Walls/Wall_Wide_01_a.fbx using Guid(3c96dad9b398e8644bbff2740043bfec) Importer(815301076,1909f56bfc062723c751e8b465ee728b)  -> (artifact id: '0e68b925e7b2476261cd39f4fb457b82') in 0.018665 seconds 
========================================================================
Received Import Request.
  Time since last request: 3.055067 seconds.
  path: Assets/WoodsLifestyle/Models/Fences/Fence_Closed_03.FBX
  artifactKey: Guid(0772100964bc9cf4c98fdd1ed6381d59) Importer(815301076,1909f56bfc062723c751e8b465ee728b)
Start importing Assets/WoodsLifestyle/Models/Fences/Fence_Closed_03.FBX using Guid(0772100964bc9cf4c98fdd1ed6381d59) Importer(815301076,1909f56bfc062723c751e8b465ee728b)  -> (artifact id: '214b60bf6f3d1da7cf29fcf06d7da3d0') in 0.028320 seconds 
========================================================================
Received Import Request.
  Time since last request: 0.000017 seconds.
  path: Assets/WoodsLifestyle/Models/Fences/Fence_Open_01.FBX
  artifactKey: Guid(11c8be84dc5a2474e8002920654e25c2) Importer(815301076,1909f56bfc062723c751e8b465ee728b)
Start importing Assets/WoodsLifestyle/Models/Fences/Fence_Open_01.FBX using Guid(11c8be84dc5a2474e8002920654e25c2) Importer(815301076,1909f56bfc062723c751e8b465ee728b)  -> (artifact id: '540bd29187907769bd44c69daf14f162') in 0.026839 seconds 
========================================================================
Received Import Request.
  Time since last request: 0.000020 seconds.
  path: Assets/WoodsLifestyle/Models/Fences/Fence_Open_04.FBX
  artifactKey: Guid(686c0c236f8444641bfb20b25da38e22) Importer(815301076,1909f56bfc062723c751e8b465ee728b)
Start importing Assets/WoodsLifestyle/Models/Fences/Fence_Open_04.FBX using Guid(686c0c236f8444641bfb20b25da38e22) Importer(815301076,1909f56bfc062723c751e8b465ee728b)  -> (artifact id: '7dd66ef1691ee85d22fe7c5f765c42b3') in 0.030962 seconds 
========================================================================
Received Import Request.
  Time since last request: 0.000015 seconds.
  path: Assets/WoodsLifestyle/Models/Fences/Fence_Full_02.FBX
  artifactKey: Guid(2775eeec06ff43745887765f0b58d73a) Importer(815301076,1909f56bfc062723c751e8b465ee728b)
Start importing Assets/WoodsLifestyle/Models/Fences/Fence_Full_02.FBX using Guid(2775eeec06ff43745887765f0b58d73a) Importer(815301076,1909f56bfc062723c751e8b465ee728b)  -> (artifact id: '062107be8771f7cf4aa21ddea0c7b9e6') in 0.022407 seconds 
========================================================================
Received Import Request.
  Time since last request: 0.000017 seconds.
  path: Assets/WoodsLifestyle/Models/Fences/Fence_Full_07.FBX
  artifactKey: Guid(9530fca49e37f9d409d11e24d7f87d82) Importer(815301076,1909f56bfc062723c751e8b465ee728b)
Start importing Assets/WoodsLifestyle/Models/Fences/Fence_Full_07.FBX using Guid(9530fca49e37f9d409d11e24d7f87d82) Importer(815301076,1909f56bfc062723c751e8b465ee728b)  -> (artifact id: 'ba1484f199108991d53efc1bceb8888d') in 0.021295 seconds 
========================================================================
Received Import Request.
  Time since last request: 0.000015 seconds.
  path: Assets/WoodsLifestyle/Models/Fences/Fence_Full_05.FBX
  artifactKey: Guid(a72bd328fd2adaf40973ac32d4b7bad8) Importer(815301076,1909f56bfc062723c751e8b465ee728b)
Start importing Assets/WoodsLifestyle/Models/Fences/Fence_Full_05.FBX using Guid(a72bd328fd2adaf40973ac32d4b7bad8) Importer(815301076,1909f56bfc062723c751e8b465ee728b)  -> (artifact id: '174c7ecf112074e999e943931d42c0a4') in 0.022231 seconds 
========================================================================
Received Import Request.
  Time since last request: 0.000020 seconds.
  path: Assets/WoodsLifestyle/Models/Fences/Fence_Full_03.FBX
  artifactKey: Guid(c3798f1d16e8a0b479e1aeafa4f56c86) Importer(815301076,1909f56bfc062723c751e8b465ee728b)
Start importing Assets/WoodsLifestyle/Models/Fences/Fence_Full_03.FBX using Guid(c3798f1d16e8a0b479e1aeafa4f56c86) Importer(815301076,1909f56bfc062723c751e8b465ee728b)  -> (artifact id: 'f2d7dd745f17bbdf5d2d1511cfca52b3') in 0.023367 seconds 
========================================================================
Received Import Request.
  Time since last request: 1.426366 seconds.
  path: Assets/WoodsLifestyle/Models/Logs_Wood/Log_01_a.fbx
  artifactKey: Guid(6c5c9643b1854ba4eb9a6491424afce7) Importer(815301076,1909f56bfc062723c751e8b465ee728b)
Start importing Assets/WoodsLifestyle/Models/Logs_Wood/Log_01_a.fbx using Guid(6c5c9643b1854ba4eb9a6491424afce7) Importer(815301076,1909f56bfc062723c751e8b465ee728b)  -> (artifact id: '637b9b2fb16a76f82fb718023b8b3d9a') in 0.018376 seconds 
========================================================================
Received Import Request.
  Time since last request: 0.000019 seconds.
  path: Assets/WoodsLifestyle/Models/Logs_Wood/LogHeap_02_a.fbx
  artifactKey: Guid(e904fdac1ce22d1489a9965702b60745) Importer(815301076,1909f56bfc062723c751e8b465ee728b)
Start importing Assets/WoodsLifestyle/Models/Logs_Wood/LogHeap_02_a.fbx using Guid(e904fdac1ce22d1489a9965702b60745) Importer(815301076,1909f56bfc062723c751e8b465ee728b)  -> (artifact id: 'bcf7071a2d383a68fffff049bdf61d3a') in 0.023417 seconds 
========================================================================
Received Import Request.
  Time since last request: 0.000023 seconds.
  path: Assets/WoodsLifestyle/Models/Logs_Wood/LogHeap_02_b.fbx
  artifactKey: Guid(43507009ef08f1f42aa8545e7c1b9277) Importer(815301076,1909f56bfc062723c751e8b465ee728b)
Start importing Assets/WoodsLifestyle/Models/Logs_Wood/LogHeap_02_b.fbx using Guid(43507009ef08f1f42aa8545e7c1b9277) Importer(815301076,1909f56bfc062723c751e8b465ee728b)  -> (artifact id: 'bd64799e9c75a71d01b4f889df5e9d13') in 0.021429 seconds 
========================================================================
Received Import Request.
  Time since last request: 1.883885 seconds.
  path: Assets/WoodsLifestyle/Models/Props/Exterior/Sign_01_b.fbx
  artifactKey: Guid(32281c598ed4c56469c5ee8d9a1ca07f) Importer(815301076,1909f56bfc062723c751e8b465ee728b)
Start importing Assets/WoodsLifestyle/Models/Props/Exterior/Sign_01_b.fbx using Guid(32281c598ed4c56469c5ee8d9a1ca07f) Importer(815301076,1909f56bfc062723c751e8b465ee728b)  -> (artifact id: 'f223e3f364857570f1dc8e0293a2e0f4') in 0.017582 seconds 
========================================================================
Received Import Request.
  Time since last request: 0.000015 seconds.
  path: Assets/WoodsLifestyle/Models/Props/Exterior/SignPost_02_b.fbx
  artifactKey: Guid(f11b361fcc4b45f499732c9b50426d90) Importer(815301076,1909f56bfc062723c751e8b465ee728b)
Start importing Assets/WoodsLifestyle/Models/Props/Exterior/SignPost_02_b.fbx using Guid(f11b361fcc4b45f499732c9b50426d90) Importer(815301076,1909f56bfc062723c751e8b465ee728b)  -> (artifact id: '1d2063a12e83b44426642c0209496ba0') in 0.027072 seconds 
========================================================================
Received Import Request.
  Time since last request: 0.000017 seconds.
  path: Assets/WoodsLifestyle/Models/Props/Exterior/SignPost_02_a.fbx
  artifactKey: Guid(6f21fc9386970604d92c17ef749e685b) Importer(815301076,1909f56bfc062723c751e8b465ee728b)
Start importing Assets/WoodsLifestyle/Models/Props/Exterior/SignPost_02_a.fbx using Guid(6f21fc9386970604d92c17ef749e685b) Importer(815301076,1909f56bfc062723c751e8b465ee728b)  -> (artifact id: '7fd8b1684bb913e9c649630994f31dc5') in 0.020300 seconds 
========================================================================
Received Import Request.
  Time since last request: 0.000025 seconds.
  path: Assets/WoodsLifestyle/Models/Props/Exterior/Stand_02.fbx
  artifactKey: Guid(f85b1f220d4dcca48ae74f0bc979a23c) Importer(815301076,1909f56bfc062723c751e8b465ee728b)
Start importing Assets/WoodsLifestyle/Models/Props/Exterior/Stand_02.fbx using Guid(f85b1f220d4dcca48ae74f0bc979a23c) Importer(815301076,1909f56bfc062723c751e8b465ee728b)  -> (artifact id: '820325fbd51759f2b65c593bbbed1e35') in 0.023722 seconds 
========================================================================
Received Import Request.
  Time since last request: 1.143291 seconds.
  path: Assets/WoodsLifestyle/Models/Props/Furniture/BookShelf_01.fbx
  artifactKey: Guid(233c96e48eb84074a86b9a4d8e32b9d8) Importer(815301076,1909f56bfc062723c751e8b465ee728b)
Start importing Assets/WoodsLifestyle/Models/Props/Furniture/BookShelf_01.fbx using Guid(233c96e48eb84074a86b9a4d8e32b9d8) Importer(815301076,1909f56bfc062723c751e8b465ee728b)  -> (artifact id: 'bc9896eda0dae4a26a438250e5a0e857') in 0.019906 seconds 
========================================================================
Received Import Request.
  Time since last request: 0.000020 seconds.
  path: Assets/WoodsLifestyle/Models/Props/Furniture/Table_02_a.fbx
  artifactKey: Guid(ca6c955c64d2279498d5ded82c2ba259) Importer(815301076,1909f56bfc062723c751e8b465ee728b)
Start importing Assets/WoodsLifestyle/Models/Props/Furniture/Table_02_a.fbx using Guid(ca6c955c64d2279498d5ded82c2ba259) Importer(815301076,1909f56bfc062723c751e8b465ee728b)  -> (artifact id: 'bc3ea8eb12e25e36f69e0fb6fec6d0be') in 0.024472 seconds 
========================================================================
Received Import Request.
  Time since last request: 0.000015 seconds.
  path: Assets/WoodsLifestyle/Models/Props/Furniture/Fireplace_01.fbx
  artifactKey: Guid(7ae748dd3182d2c4ca22183535ba88f8) Importer(815301076,1909f56bfc062723c751e8b465ee728b)
Start importing Assets/WoodsLifestyle/Models/Props/Furniture/Fireplace_01.fbx using Guid(7ae748dd3182d2c4ca22183535ba88f8) Importer(815301076,1909f56bfc062723c751e8b465ee728b)  -> (artifact id: '104351b4e8488ea11afdf722ea5702a5') in 0.028346 seconds 
========================================================================
Received Import Request.
  Time since last request: 0.000016 seconds.
  path: Assets/WoodsLifestyle/Models/Props/Furniture/Table_01_b.fbx
  artifactKey: Guid(11f54cf6386c0ab4cb11f9d2b484a8a1) Importer(815301076,1909f56bfc062723c751e8b465ee728b)
Start importing Assets/WoodsLifestyle/Models/Props/Furniture/Table_01_b.fbx using Guid(11f54cf6386c0ab4cb11f9d2b484a8a1) Importer(815301076,1909f56bfc062723c751e8b465ee728b)  -> (artifact id: '95a857898dae07b8a021a426a78efd28') in 0.025574 seconds 
========================================================================
Received Import Request.
  Time since last request: 0.000032 seconds.
  path: Assets/WoodsLifestyle/Models/Props/Furniture/Dresser_01.fbx
  artifactKey: Guid(b7c142fe610b37a4f9eabc03fac77b87) Importer(815301076,1909f56bfc062723c751e8b465ee728b)
Start importing Assets/WoodsLifestyle/Models/Props/Furniture/Dresser_01.fbx using Guid(b7c142fe610b37a4f9eabc03fac77b87) Importer(815301076,1909f56bfc062723c751e8b465ee728b)  -> (artifact id: '2c6c7db563b6c7a8dfbe60f2ca977625') in 0.018948 seconds 
========================================================================
Received Import Request.
  Time since last request: 0.000016 seconds.
  path: Assets/WoodsLifestyle/Models/Props/Furniture/WallShelf_01.fbx
  artifactKey: Guid(180b77fcbe0383540a9ff71008143542) Importer(815301076,1909f56bfc062723c751e8b465ee728b)
Start importing Assets/WoodsLifestyle/Models/Props/Furniture/WallShelf_01.fbx using Guid(180b77fcbe0383540a9ff71008143542) Importer(815301076,1909f56bfc062723c751e8b465ee728b)  -> (artifact id: 'cbc608944facfb293ddb34ccc18cc1e1') in 0.022029 seconds 
========================================================================
Received Import Request.
  Time since last request: 0.592585 seconds.
  path: Assets/WoodsLifestyle/Models/Props/Interior/Book_01_c.fbx
  artifactKey: Guid(66f7a3cf84d9d7c4f83f9f6a6cc0e6d6) Importer(815301076,1909f56bfc062723c751e8b465ee728b)
Start importing Assets/WoodsLifestyle/Models/Props/Interior/Book_01_c.fbx using Guid(66f7a3cf84d9d7c4f83f9f6a6cc0e6d6) Importer(815301076,1909f56bfc062723c751e8b465ee728b)  -> (artifact id: '3124942dfc2f02f77f6e5891b8e9a4a0') in 0.021465 seconds 
========================================================================
Received Import Request.
  Time since last request: 0.000016 seconds.
  path: Assets/WoodsLifestyle/Models/Props/Interior/BookOpen_01_c.fbx
  artifactKey: Guid(dc6266207e0a75a478a7e02c94da55dd) Importer(815301076,1909f56bfc062723c751e8b465ee728b)
Start importing Assets/WoodsLifestyle/Models/Props/Interior/BookOpen_01_c.fbx using Guid(dc6266207e0a75a478a7e02c94da55dd) Importer(815301076,1909f56bfc062723c751e8b465ee728b)  -> (artifact id: 'b08b876975a7cc128b5740bf448dc28e') in 0.023807 seconds 
========================================================================
Received Import Request.
  Time since last request: 0.000017 seconds.
  path: Assets/WoodsLifestyle/Models/Props/Interior/BookOpen_01_b.fbx
  artifactKey: Guid(07d3790148a41e146b1d676151ef44ed) Importer(815301076,1909f56bfc062723c751e8b465ee728b)
Start importing Assets/WoodsLifestyle/Models/Props/Interior/BookOpen_01_b.fbx using Guid(07d3790148a41e146b1d676151ef44ed) Importer(815301076,1909f56bfc062723c751e8b465ee728b)  -> (artifact id: '4c0f35606e4d79af0097c5705d3760f6') in 0.019504 seconds 
========================================================================
Received Import Request.
  Time since last request: 0.000023 seconds.
  path: Assets/WoodsLifestyle/Models/Props/Interior/Book_02_c.fbx
  artifactKey: Guid(caa73d5b73dcf994780569c42edc464e) Importer(815301076,1909f56bfc062723c751e8b465ee728b)
Start importing Assets/WoodsLifestyle/Models/Props/Interior/Book_02_c.fbx using Guid(caa73d5b73dcf994780569c42edc464e) Importer(815301076,1909f56bfc062723c751e8b465ee728b)  -> (artifact id: '8082d496c893a119a017e5c1c6d5c34e') in 0.024892 seconds 
========================================================================
Received Import Request.
  Time since last request: 0.000023 seconds.
  path: Assets/WoodsLifestyle/Models/Props/Interior/Candle_02_a.fbx
  artifactKey: Guid(324da3b8157a35244b342b0c1d0a2d54) Importer(815301076,1909f56bfc062723c751e8b465ee728b)
Start importing Assets/WoodsLifestyle/Models/Props/Interior/Candle_02_a.fbx using Guid(324da3b8157a35244b342b0c1d0a2d54) Importer(815301076,1909f56bfc062723c751e8b465ee728b)  -> (artifact id: 'c01eb2b2601db70f3728dea8de6310af') in 0.022715 seconds 
========================================================================
Received Import Request.
  Time since last request: 0.000022 seconds.
  path: Assets/WoodsLifestyle/Models/Props/Interior/Book_03_c.fbx
  artifactKey: Guid(123e5751636b19947a59b146bdfd45ca) Importer(815301076,1909f56bfc062723c751e8b465ee728b)
Start importing Assets/WoodsLifestyle/Models/Props/Interior/Book_03_c.fbx using Guid(123e5751636b19947a59b146bdfd45ca) Importer(815301076,1909f56bfc062723c751e8b465ee728b)  -> (artifact id: '7eb26291b7bbdc974f3ad04de2e9e5df') in 0.023652 seconds 
========================================================================
Received Import Request.
  Time since last request: 0.000018 seconds.
  path: Assets/WoodsLifestyle/Models/Props/Interior/Candle_01_b.fbx
  artifactKey: Guid(6e2f22ee1cac9e941b9b3153c9a854d8) Importer(815301076,1909f56bfc062723c751e8b465ee728b)
Start importing Assets/WoodsLifestyle/Models/Props/Interior/Candle_01_b.fbx using Guid(6e2f22ee1cac9e941b9b3153c9a854d8) Importer(815301076,1909f56bfc062723c751e8b465ee728b)  -> (artifact id: '008101fc928b46748202abd285ea437f') in 0.020582 seconds 
========================================================================
Received Import Request.
  Time since last request: 1.081194 seconds.
  path: Assets/WoodsLifestyle/Models/Props/WaterTowers/Tower_03.fbx
  artifactKey: Guid(02b50f39fdf25b44face10426afe9a17) Importer(815301076,1909f56bfc062723c751e8b465ee728b)
Start importing Assets/WoodsLifestyle/Models/Props/WaterTowers/Tower_03.fbx using Guid(02b50f39fdf25b44face10426afe9a17) Importer(815301076,1909f56bfc062723c751e8b465ee728b)  -> (artifact id: 'aab390baa36b81adc4bea629c3f222af') in 0.022247 seconds 
========================================================================
Received Import Request.
  Time since last request: 0.000017 seconds.
  path: Assets/WoodsLifestyle/Models/Props/WaterTowers/WaterTenk_01.fbx
  artifactKey: Guid(797e7547c51d24544b6721713db999ce) Importer(815301076,1909f56bfc062723c751e8b465ee728b)
Start importing Assets/WoodsLifestyle/Models/Props/WaterTowers/WaterTenk_01.fbx using Guid(797e7547c51d24544b6721713db999ce) Importer(815301076,1909f56bfc062723c751e8b465ee728b)  -> (artifact id: '51314bcae16d739a8092e3002b9534f2') in 0.017286 seconds 
========================================================================
Received Import Request.
  Time since last request: 0.000021 seconds.
  path: Assets/WoodsLifestyle/Models/Props/WaterTowers/WaterTenk_03.fbx
  artifactKey: Guid(82dc0d50b12d2ca4fb9b6cfb711ee411) Importer(815301076,1909f56bfc062723c751e8b465ee728b)
Start importing Assets/WoodsLifestyle/Models/Props/WaterTowers/WaterTenk_03.fbx using Guid(82dc0d50b12d2ca4fb9b6cfb711ee411) Importer(815301076,1909f56bfc062723c751e8b465ee728b)  -> (artifact id: '0413dd3eef0219278568af45c12aa0fd') in 0.019137 seconds 
========================================================================
Received Import Request.
  Time since last request: 0.462045 seconds.
  path: Assets/WoodsLifestyle/Models/Props/Water/Oar_01.fbx
  artifactKey: Guid(36a1eda689da6dd49ae5836b4aee5f34) Importer(815301076,1909f56bfc062723c751e8b465ee728b)
Start importing Assets/WoodsLifestyle/Models/Props/Water/Oar_01.fbx using Guid(36a1eda689da6dd49ae5836b4aee5f34) Importer(815301076,1909f56bfc062723c751e8b465ee728b)  -> (artifact id: '3d363b936f5cdc927fa4bfb926fc775f') in 0.018677 seconds 
========================================================================
Received Import Request.
  Time since last request: 0.000019 seconds.
  path: Assets/WoodsLifestyle/Models/Props/Water/RowBoat_01_c.fbx
  artifactKey: Guid(1821591f14bb859438b6125443c97687) Importer(815301076,1909f56bfc062723c751e8b465ee728b)
Start importing Assets/WoodsLifestyle/Models/Props/Water/RowBoat_01_c.fbx using Guid(1821591f14bb859438b6125443c97687) Importer(815301076,1909f56bfc062723c751e8b465ee728b)  -> (artifact id: 'a30d67ebea65708e83d65588ee06b2b2') in 0.024195 seconds 
========================================================================
Received Import Request.
  Time since last request: 2.154098 seconds.
  path: Assets/WoodsLifestyle/Models/Rocks/Rock_01_c.fbx
  artifactKey: Guid(a0253a1584d93fb45aedef31c1782fea) Importer(815301076,1909f56bfc062723c751e8b465ee728b)
Start importing Assets/WoodsLifestyle/Models/Rocks/Rock_01_c.fbx using Guid(a0253a1584d93fb45aedef31c1782fea) Importer(815301076,1909f56bfc062723c751e8b465ee728b)  -> (artifact id: '330d46d349f728dc405aee6bdae19d92') in 0.017156 seconds 
========================================================================
Received Import Request.
  Time since last request: 0.000014 seconds.
  path: Assets/WoodsLifestyle/Models/Rocks/Rock_03_b.fbx
  artifactKey: Guid(705b3a06e14f51c4eba4aac6cfd8a06f) Importer(815301076,1909f56bfc062723c751e8b465ee728b)
Start importing Assets/WoodsLifestyle/Models/Rocks/Rock_03_b.fbx using Guid(705b3a06e14f51c4eba4aac6cfd8a06f) Importer(815301076,1909f56bfc062723c751e8b465ee728b)  -> (artifact id: '9ffd19752eb6bede5f18d4fceaf3b2fc') in 0.021087 seconds 
========================================================================
Received Import Request.
  Time since last request: 0.000018 seconds.
  path: Assets/WoodsLifestyle/Models/Rocks/Rock_02_c.fbx
  artifactKey: Guid(62c344ec0aeeda348a453e242f824a66) Importer(815301076,1909f56bfc062723c751e8b465ee728b)
Start importing Assets/WoodsLifestyle/Models/Rocks/Rock_02_c.fbx using Guid(62c344ec0aeeda348a453e242f824a66) Importer(815301076,1909f56bfc062723c751e8b465ee728b)  -> (artifact id: 'd660086181879d46a556cf09e65a4888') in 0.019086 seconds 
========================================================================
Received Import Request.
  Time since last request: 0.000021 seconds.
  path: Assets/WoodsLifestyle/Models/Rocks/RockBarrier_02_a.fbx
  artifactKey: Guid(68f5029bea9fb1844a923c10a35f50a9) Importer(815301076,1909f56bfc062723c751e8b465ee728b)
Start importing Assets/WoodsLifestyle/Models/Rocks/RockBarrier_02_a.fbx using Guid(68f5029bea9fb1844a923c10a35f50a9) Importer(815301076,1909f56bfc062723c751e8b465ee728b)  -> (artifact id: '03c2b3f6aec628657450ae859e665875') in 0.020667 seconds 
========================================================================
Received Import Request.
  Time since last request: 0.000021 seconds.
  path: Assets/WoodsLifestyle/Models/Rocks/RockBarrier_02_b.fbx
  artifactKey: Guid(6a9028da7ce8a8e4999992a085b55f03) Importer(815301076,1909f56bfc062723c751e8b465ee728b)
Start importing Assets/WoodsLifestyle/Models/Rocks/RockBarrier_02_b.fbx using Guid(6a9028da7ce8a8e4999992a085b55f03) Importer(815301076,1909f56bfc062723c751e8b465ee728b)  -> (artifact id: '6109c1f7aa0bd8f9b49370c985b70cef') in 0.019483 seconds 
========================================================================
Received Import Request.
  Time since last request: 0.000030 seconds.
  path: Assets/WoodsLifestyle/Models/Rocks/Rock_02_b.fbx
  artifactKey: Guid(83f83f83c309b554394085851b06f2b5) Importer(815301076,1909f56bfc062723c751e8b465ee728b)
Start importing Assets/WoodsLifestyle/Models/Rocks/Rock_02_b.fbx using Guid(83f83f83c309b554394085851b06f2b5) Importer(815301076,1909f56bfc062723c751e8b465ee728b)  -> (artifact id: 'aefd824cf38ce78b49b70f8dedfb75ca') in 0.018154 seconds 
========================================================================
Received Import Request.
  Time since last request: 26.381574 seconds.
  path: Assets/WoodsLifestyle/Models/Rocks/Rock_01_c.fbx
  artifactKey: Guid(a0253a1584d93fb45aedef31c1782fea) Importer(815301076,1909f56bfc062723c751e8b465ee728b)
Start importing Assets/WoodsLifestyle/Models/Rocks/Rock_01_c.fbx using Guid(a0253a1584d93fb45aedef31c1782fea) Importer(815301076,1909f56bfc062723c751e8b465ee728b)  -> (artifact id: '97050b0d70ef6917312303c566db07c1') in 0.013637 seconds 
========================================================================
Received Import Request.
  Time since last request: 0.000017 seconds.
  path: Assets/WoodsLifestyle/Models/Rocks/Rock_03_a.fbx
  artifactKey: Guid(b2f682c2245381543bff05a3b6217ffe) Importer(815301076,1909f56bfc062723c751e8b465ee728b)
Start importing Assets/WoodsLifestyle/Models/Rocks/Rock_03_a.fbx using Guid(b2f682c2245381543bff05a3b6217ffe) Importer(815301076,1909f56bfc062723c751e8b465ee728b)  -> (artifact id: 'f0aafdcc1d37091f086a2997eb944c8e') in 0.017638 seconds 
========================================================================
Received Import Request.
  Time since last request: 0.000017 seconds.
  path: Assets/WoodsLifestyle/Models/Rocks/RockBarrier_01_b.fbx
  artifactKey: Guid(a0689f0bb99dd8b4fb033e9056efade0) Importer(815301076,1909f56bfc062723c751e8b465ee728b)
Start importing Assets/WoodsLifestyle/Models/Rocks/RockBarrier_01_b.fbx using Guid(a0689f0bb99dd8b4fb033e9056efade0) Importer(815301076,1909f56bfc062723c751e8b465ee728b)  -> (artifact id: '3dc839298f001cc05cda04e41e945abd') in 0.017902 seconds 
========================================================================
Received Import Request.
  Time since last request: 0.000017 seconds.
  path: Assets/WoodsLifestyle/Models/Rocks/RockBarrier_02_a.fbx
  artifactKey: Guid(68f5029bea9fb1844a923c10a35f50a9) Importer(815301076,1909f56bfc062723c751e8b465ee728b)
Start importing Assets/WoodsLifestyle/Models/Rocks/RockBarrier_02_a.fbx using Guid(68f5029bea9fb1844a923c10a35f50a9) Importer(815301076,1909f56bfc062723c751e8b465ee728b)  -> (artifact id: 'fefbca6d5ab40c26337892bbed220f66') in 0.017965 seconds 
========================================================================
Received Import Request.
  Time since last request: 0.000026 seconds.
  path: Assets/WoodsLifestyle/Models/Rocks/Rock_02_a.fbx
  artifactKey: Guid(ef055c2aa50ed0d45bd94546b973fdd0) Importer(815301076,1909f56bfc062723c751e8b465ee728b)
Start importing Assets/WoodsLifestyle/Models/Rocks/Rock_02_a.fbx using Guid(ef055c2aa50ed0d45bd94546b973fdd0) Importer(815301076,1909f56bfc062723c751e8b465ee728b)  -> (artifact id: '47fd7d1313ad5ab637ba7eebe1eb00ba') in 0.013308 seconds 
========================================================================
Received Import Request.
  Time since last request: 0.000029 seconds.
  path: Assets/WoodsLifestyle/Models/Rocks/Rock_01_e.fbx
  artifactKey: Guid(6b6c1a515912fa74cbecebb5cc0a2333) Importer(815301076,1909f56bfc062723c751e8b465ee728b)
Start importing Assets/WoodsLifestyle/Models/Rocks/Rock_01_e.fbx using Guid(6b6c1a515912fa74cbecebb5cc0a2333) Importer(815301076,1909f56bfc062723c751e8b465ee728b)  -> (artifact id: 'e6103f403a692481ba4c7c418786db01') in 0.013140 seconds 
Editor requested this worker to shutdown with reason: Scaling down because of idle timeout
AssetImportWorker is now disconnected from the server
Process exiting
Exiting without the bug reporter. Application will terminate with return code 0